<?xml version="1.0" encoding="utf-8"?>
<TestRun id="f50942f3-8807-40bc-8cb9-117d8635d3b2" name="@PARK-2 2025-12-12 23:26:40" xmlns="http://microsoft.com/schemas/VisualStudio/TeamTest/2010">
  <Times creation="2025-12-12T23:26:40.8486250+07:00" queuing="2025-12-12T23:26:40.8486250+07:00" start="2025-12-12T23:26:40.0079840+07:00" finish="2025-12-12T23:26:42.7587240+07:00" />
  <TestSettings name="default" id="3cea4848-ab46-4042-b031-6d2a9e15b4d0">
    <Deployment runDeploymentRoot="_PARK-2_2025-12-12_23_26_40" />
  </TestSettings>
  <Results>
    <UnitTestResult executionId="93c5bc6f-f066-48cf-948c-057411b1d7e1" testId="6bd15808-ed64-e31c-951f-91603b6c2676" testName="FUNC11_TC01_MarkOccurrenceNoShowAsync_Success_ShouldMarkNoShow" computerName="PARK-2" duration="00:00:00.0073507" startTime="2025-12-12T23:26:41.3199720+07:00" endTime="2025-12-12T23:26:41.3273540+07:00" testType="13cdc9d9-ddb5-4fa4-a97d-d965ccfc6d4b" outcome="Passed" testListId="8c84fa94-04c1-424b-9868-57a2d4851a1d" relativeResultsDirectory="93c5bc6f-f066-48cf-948c-057411b1d7e1" />
    <UnitTestResult executionId="c57cc744-4cad-4ae4-b3c0-9e5a03678f9a" testId="b64a62f0-f3ee-710a-104c-896074760222" testName="FUNC40_TC03_ChangeCourtStatusAsync_InvalidStatus_ShouldThrowException" computerName="PARK-2" duration="00:00:00.0129045" startTime="2025-12-12T23:26:41.4475730+07:00" endTime="2025-12-12T23:26:41.4605280+07:00" testType="13cdc9d9-ddb5-4fa4-a97d-d965ccfc6d4b" outcome="Passed" testListId="8c84fa94-04c1-424b-9868-57a2d4851a1d" relativeResultsDirectory="c57cc744-4cad-4ae4-b3c0-9e5a03678f9a" />
    <UnitTestResult executionId="515046fb-0144-4281-b840-ee16027b5eb9" testId="77a9c2d7-aa8f-7da7-907c-d8e523fda1a8" testName="FUNC20_TC03_UpdateStatusAsync_InvalidStatus_ShouldThrowException" computerName="PARK-2" duration="00:00:00.0068623" startTime="2025-12-12T23:26:41.5697590+07:00" endTime="2025-12-12T23:26:41.5766580+07:00" testType="13cdc9d9-ddb5-4fa4-a97d-d965ccfc6d4b" outcome="Passed" testListId="8c84fa94-04c1-424b-9868-57a2d4851a1d" relativeResultsDirectory="515046fb-0144-4281-b840-ee16027b5eb9" />
    <UnitTestResult executionId="6bdba086-1c9e-4814-b0da-ffde69a35d75" testId="e06cae81-346e-dc38-55b8-38235f6d6ee9" testName="FUNC28_TC02_DeleteShiftAsync_ShiftNotFound_ShouldThrowException" computerName="PARK-2" duration="00:00:00.0087500" startTime="2025-12-12T23:26:42.3289190+07:00" endTime="2025-12-12T23:26:42.3377160+07:00" testType="13cdc9d9-ddb5-4fa4-a97d-d965ccfc6d4b" outcome="Passed" testListId="8c84fa94-04c1-424b-9868-57a2d4851a1d" relativeResultsDirectory="6bdba086-1c9e-4814-b0da-ffde69a35d75" />
    <UnitTestResult executionId="4721aa90-c47b-401e-ab72-3513972cfe36" testId="de741a35-2b49-aded-0783-cd60dc8afc13" testName="FUNC32_TC03_CreateInventoryCardForPurchaseAsync_ProductNotManageInventory_ShouldThrowException" computerName="PARK-2" duration="00:00:00.0005789" startTime="2025-12-12T23:26:41.5032270+07:00" endTime="2025-12-12T23:26:41.5038250+07:00" testType="13cdc9d9-ddb5-4fa4-a97d-d965ccfc6d4b" outcome="Passed" testListId="8c84fa94-04c1-424b-9868-57a2d4851a1d" relativeResultsDirectory="4721aa90-c47b-401e-ab72-3513972cfe36" />
    <UnitTestResult executionId="cfdbf8a7-d968-450f-ade4-d9ed2eb74ab5" testId="d610d16d-6c30-5a85-2ff1-2b2c5c7072d2" testName="FUNC06_TC02_CreateBookingCourtAsync_CourtNotFound_ShouldThrowException" computerName="PARK-2" duration="00:00:00.0071691" startTime="2025-12-12T23:26:41.1453590+07:00" endTime="2025-12-12T23:26:41.1525770+07:00" testType="13cdc9d9-ddb5-4fa4-a97d-d965ccfc6d4b" outcome="Passed" testListId="8c84fa94-04c1-424b-9868-57a2d4851a1d" relativeResultsDirectory="cfdbf8a7-d968-450f-ade4-d9ed2eb74ab5" />
    <UnitTestResult executionId="fbb7d801-0dc8-4b07-8775-9fed56e4522f" testId="e33d0f5f-a366-4588-cf15-b789f3ab64af" testName="FUNC16_TC02_CreatePaymentForOrderAsync_OrderNotFound_ShouldThrowException" computerName="PARK-2" duration="00:00:00.0147272" startTime="2025-12-12T23:26:41.8682220+07:00" endTime="2025-12-12T23:26:41.8830090+07:00" testType="13cdc9d9-ddb5-4fa4-a97d-d965ccfc6d4b" outcome="Passed" testListId="8c84fa94-04c1-424b-9868-57a2d4851a1d" relativeResultsDirectory="fbb7d801-0dc8-4b07-8775-9fed56e4522f" />
    <UnitTestResult executionId="5a31efbb-5c3c-424f-ad84-a7e2bef8f621" testId="4ab271fe-6f41-fb85-5041-f5d051bdcdbd" testName="FUNC02_TC03_LoginAsync_WrongPassword_ShouldThrowException" computerName="PARK-2" duration="00:00:00.0063343" startTime="2025-12-12T23:26:40.9204870+07:00" endTime="2025-12-12T23:26:40.9268570+07:00" testType="13cdc9d9-ddb5-4fa4-a97d-d965ccfc6d4b" outcome="Passed" testListId="8c84fa94-04c1-424b-9868-57a2d4851a1d" relativeResultsDirectory="5a31efbb-5c3c-424f-ad84-a7e2bef8f621" />
    <UnitTestResult executionId="91312d4f-7b2d-43ca-a27f-916e27e25633" testId="f2037b56-5ec0-51f1-b895-5440f9a7d330" testName="FUNC37_TC02_EndServiceAsync_BookingServiceNotFound_ShouldThrowException" computerName="PARK-2" duration="00:00:00.0063630" startTime="2025-12-12T23:26:42.2774870+07:00" endTime="2025-12-12T23:26:42.2838970+07:00" testType="13cdc9d9-ddb5-4fa4-a97d-d965ccfc6d4b" outcome="Passed" testListId="8c84fa94-04c1-424b-9868-57a2d4851a1d" relativeResultsDirectory="91312d4f-7b2d-43ca-a27f-916e27e25633" />
    <UnitTestResult executionId="fb0de905-38b8-4605-95ba-a6319d9b4281" testId="1b5a70ac-066e-1b36-fd89-20c97f957535" testName="FUNC03_TC05_UpdatePasswordAsync_PasswordChangeFails_ShouldThrowException" computerName="PARK-2" duration="00:00:00.0093432" startTime="2025-12-12T23:26:40.9859060+07:00" endTime="2025-12-12T23:26:40.9952910+07:00" testType="13cdc9d9-ddb5-4fa4-a97d-d965ccfc6d4b" outcome="Passed" testListId="8c84fa94-04c1-424b-9868-57a2d4851a1d" relativeResultsDirectory="fb0de905-38b8-4605-95ba-a6319d9b4281" />
    <UnitTestResult executionId="1787acdc-758b-460c-b723-e9ba7ede2f02" testId="01dea601-5a02-9c5d-60d9-8bb62694e278" testName="FUNC22_TC05_ExtendPaymentAsync_ShouldResetStatusToPending" computerName="PARK-2" duration="00:00:00.0097312" startTime="2025-12-12T23:26:42.5848280+07:00" endTime="2025-12-12T23:26:42.5945960+07:00" testType="13cdc9d9-ddb5-4fa4-a97d-d965ccfc6d4b" outcome="Failed" testListId="8c84fa94-04c1-424b-9868-57a2d4851a1d" relativeResultsDirectory="1787acdc-758b-460c-b723-e9ba7ede2f02">
      <Output>
        <ErrorInfo>
          <Message>Test method Tests.UserMembershipServiceTests.FUNC22_TC05_ExtendPaymentAsync_ShouldResetStatusToPending threw exception: &#xD;
System.NullReferenceException: Object reference not set to an instance of an object.</Message>
          <StackTrace>    at Microsoft.Extensions.Configuration.ConfigurationBinder.GetValue(IConfiguration configuration, Type type, String key, Object defaultValue)
   at Microsoft.Extensions.Configuration.ConfigurationBinder.GetValue[T](IConfiguration configuration, String key, T defaultValue)
   at Microsoft.Extensions.Configuration.ConfigurationBinder.GetValue[T](IConfiguration configuration, String key)
   at ApiApplication.Services.Impl.UserMembershipService.ExtendPaymentAsync(ExtendPaymentRequest request) in /Users/dotritrong/Desktop/Capstone/Badminton_Court_Management_System/ApiApplication/Services/Impl/UserMembershipService.cs:line 313
   at Tests.UserMembershipServiceTests.FUNC22_TC05_ExtendPaymentAsync_ShouldResetStatusToPending() in /Users/dotritrong/Desktop/Capstone/Badminton_Court_Management_System/Tests/UserMembershipServiceTests.cs:line 429
</StackTrace>
        </ErrorInfo>
      </Output>
    </UnitTestResult>
    <UnitTestResult executionId="6eab4adb-f1d3-40b7-aead-42b333f8367e" testId="68a3ef1a-04c3-4723-41f2-2c5a56a7635f" testName="FUNC14_TC04_CheckoutAsync_WithVoucher_ShouldApplyDiscount" computerName="PARK-2" duration="00:00:00.0115062" startTime="2025-12-12T23:26:41.6932860+07:00" endTime="2025-12-12T23:26:41.7048240+07:00" testType="13cdc9d9-ddb5-4fa4-a97d-d965ccfc6d4b" outcome="Passed" testListId="8c84fa94-04c1-424b-9868-57a2d4851a1d" relativeResultsDirectory="6eab4adb-f1d3-40b7-aead-42b333f8367e">
      <Output>
        <StdOut>No QR URL - isCashPayment: True, totalAmount: 0</StdOut>
      </Output>
    </UnitTestResult>
    <UnitTestResult executionId="1168229f-d3f2-4a44-ad44-f38cb50d2d8a" testId="df1d5d00-c639-77ac-3e40-e3e75c70c2bf" testName="FUNC09_TC03_CheckInOccurrenceAsync_AlreadyCheckedIn_ShouldThrowException" computerName="PARK-2" duration="00:00:00.0068896" startTime="2025-12-12T23:26:41.2945520+07:00" endTime="2025-12-12T23:26:41.3014830+07:00" testType="13cdc9d9-ddb5-4fa4-a97d-d965ccfc6d4b" outcome="Passed" testListId="8c84fa94-04c1-424b-9868-57a2d4851a1d" relativeResultsDirectory="1168229f-d3f2-4a44-ad44-f38cb50d2d8a" />
    <UnitTestResult executionId="b07c89a9-c027-408c-82f0-b224a481e331" testId="bb95f6a9-0435-d24c-ca49-61a4983e6377" testName="FUNC31_TC02_CreateInventoryCardForSaleAsync_ProductNotFound_ShouldThrowException" computerName="PARK-2" duration="00:00:00.0006967" startTime="2025-12-12T23:26:41.4989790+07:00" endTime="2025-12-12T23:26:41.4997080+07:00" testType="13cdc9d9-ddb5-4fa4-a97d-d965ccfc6d4b" outcome="Passed" testListId="8c84fa94-04c1-424b-9868-57a2d4851a1d" relativeResultsDirectory="b07c89a9-c027-408c-82f0-b224a481e331" />
    <UnitTestResult executionId="98b250ea-782f-4c53-96ee-0d64663cb80c" testId="2ab93e38-3864-a87a-b1bd-7e0c912f814c" testName="FUNC27_TC02_CreateShiftAsync_OverlappingTime_ShouldThrowException" computerName="PARK-2" duration="00:00:00.0088967" startTime="2025-12-12T23:26:42.2953670+07:00" endTime="2025-12-12T23:26:42.3043020+07:00" testType="13cdc9d9-ddb5-4fa4-a97d-d965ccfc6d4b" outcome="Passed" testListId="8c84fa94-04c1-424b-9868-57a2d4851a1d" relativeResultsDirectory="98b250ea-782f-4c53-96ee-0d64663cb80c" />
    <UnitTestResult executionId="2df852e7-bac2-495c-8e67-0e6aa0263ebe" testId="5eca79c2-ce32-b23d-ec82-f7d42fba1c82" testName="FUNC27_TC01_CreateShiftAsync_Success_ShouldCreateShift" computerName="PARK-2" duration="00:00:00.0113590" startTime="2025-12-12T23:26:42.2839160+07:00" endTime="2025-12-12T23:26:42.2953430+07:00" testType="13cdc9d9-ddb5-4fa4-a97d-d965ccfc6d4b" outcome="Passed" testListId="8c84fa94-04c1-424b-9868-57a2d4851a1d" relativeResultsDirectory="2df852e7-bac2-495c-8e67-0e6aa0263ebe" />
    <UnitTestResult executionId="94851325-30b1-46fd-8374-875973ee1d89" testId="7ca36436-09fe-d8da-3315-68550d7a68a2" testName="FUNC02_TC05_LoginAsync_WithTempPassword_ShouldLogWarning" computerName="PARK-2" duration="00:00:00.0115489" startTime="2025-12-12T23:26:40.9431650+07:00" endTime="2025-12-12T23:26:40.9547680+07:00" testType="13cdc9d9-ddb5-4fa4-a97d-d965ccfc6d4b" outcome="Passed" testListId="8c84fa94-04c1-424b-9868-57a2d4851a1d" relativeResultsDirectory="94851325-30b1-46fd-8374-875973ee1d89" />
    <UnitTestResult executionId="7625c0f1-eb8f-42d2-af78-388b2eb31b71" testId="5c9b0acf-a515-16b5-71da-6b7d9c049019" testName="FUNC25_TC01_AssignShiftToStaffAsync_Success_ShouldCreateSchedule" computerName="PARK-2" duration="00:00:00.0313384" startTime="2025-12-12T23:26:42.0877770+07:00" endTime="2025-12-12T23:26:42.1192040+07:00" testType="13cdc9d9-ddb5-4fa4-a97d-d965ccfc6d4b" outcome="Passed" testListId="8c84fa94-04c1-424b-9868-57a2d4851a1d" relativeResultsDirectory="7625c0f1-eb8f-42d2-af78-388b2eb31b71" />
    <UnitTestResult executionId="c6f29d7c-cdcd-45b4-a986-53ba180a1198" testId="8d8ef2bd-7691-ceff-3290-a8450e9ca6b4" testName="FUNC03_TC03_UpdatePasswordAsync_InvalidRefreshToken_ShouldThrowException" computerName="PARK-2" duration="00:00:00.0058269" startTime="2025-12-12T23:26:40.9738760+07:00" endTime="2025-12-12T23:26:40.9797350+07:00" testType="13cdc9d9-ddb5-4fa4-a97d-d965ccfc6d4b" outcome="Passed" testListId="8c84fa94-04c1-424b-9868-57a2d4851a1d" relativeResultsDirectory="c6f29d7c-cdcd-45b4-a986-53ba180a1198" />
    <UnitTestResult executionId="a3ff76a8-1729-4e95-a78c-3f2b5e22eda4" testId="63ee66ac-2b36-d3b8-3ada-294d8057544a" testName="FUNC26_TC02_RemoveStaffFromShiftAsync_ScheduleNotFound_ShouldCreateCancelledShift" computerName="PARK-2" duration="00:00:00.0087626" startTime="2025-12-12T23:26:42.1747460+07:00" endTime="2025-12-12T23:26:42.1835660+07:00" testType="13cdc9d9-ddb5-4fa4-a97d-d965ccfc6d4b" outcome="Passed" testListId="8c84fa94-04c1-424b-9868-57a2d4851a1d" relativeResultsDirectory="a3ff76a8-1729-4e95-a78c-3f2b5e22eda4" />
    <UnitTestResult executionId="9ccb2672-6c97-4a6a-9061-3a12f789054b" testId="521b3223-3d93-5a2b-187b-0927e2107bbf" testName="FUNC23_TC06_CreateStaffAsync_WithoutOptionalFields_ShouldCreate" computerName="PARK-2" duration="00:00:00.0093174" startTime="2025-12-12T23:26:42.3961450+07:00" endTime="2025-12-12T23:26:42.4055000+07:00" testType="13cdc9d9-ddb5-4fa4-a97d-d965ccfc6d4b" outcome="Passed" testListId="8c84fa94-04c1-424b-9868-57a2d4851a1d" relativeResultsDirectory="9ccb2672-6c97-4a6a-9061-3a12f789054b" />
    <UnitTestResult executionId="0d476f2e-05f9-41ae-a999-6a561fc64ad3" testId="c93f8959-8ea3-6ac8-3283-bf3913928962" testName="FUNC15_TC04_ExtendPaymentTimeAsync_WithMultiplePayments_ShouldUpdateAllPayments" computerName="PARK-2" duration="00:00:00.0092500" startTime="2025-12-12T23:26:41.7840390+07:00" endTime="2025-12-12T23:26:41.7933250+07:00" testType="13cdc9d9-ddb5-4fa4-a97d-d965ccfc6d4b" outcome="Passed" testListId="8c84fa94-04c1-424b-9868-57a2d4851a1d" relativeResultsDirectory="0d476f2e-05f9-41ae-a999-6a561fc64ad3" />
    <UnitTestResult executionId="87bd0f33-5f0d-471f-9d3d-6a55fb318cc9" testId="3ff1cd8a-980d-fa37-6cc7-38acc7ddd881" testName="FUNC03_TC01_UpdatePasswordAsync_Success_ShouldUpdatePassword" computerName="PARK-2" duration="00:00:00.0097473" startTime="2025-12-12T23:26:40.9553110+07:00" endTime="2025-12-12T23:26:40.9651070+07:00" testType="13cdc9d9-ddb5-4fa4-a97d-d965ccfc6d4b" outcome="Failed" testListId="8c84fa94-04c1-424b-9868-57a2d4851a1d" relativeResultsDirectory="87bd0f33-5f0d-471f-9d3d-6a55fb318cc9">
      <Output>
        <ErrorInfo>
          <Message>Test method Tests.AuthServiceTests.FUNC03_TC01_UpdatePasswordAsync_Success_ShouldUpdatePassword threw exception: &#xD;
ApiApplication.Exceptions.ApiException: Không được phép truy cập</Message>
          <StackTrace>    at ApiApplication.Services.Impl.AuthService.UpdatePasswordAsync(UpdatePasswordRequest updatePasswordRequest, String refreshToken) in /Users/dotritrong/Desktop/Capstone/Badminton_Court_Management_System/ApiApplication/Services/Impl/AuthService.cs:line 434
   at Tests.AuthServiceTests.FUNC03_TC01_UpdatePasswordAsync_Success_ShouldUpdatePassword() in /Users/dotritrong/Desktop/Capstone/Badminton_Court_Management_System/Tests/AuthServiceTests.cs:line 443
</StackTrace>
        </ErrorInfo>
      </Output>
    </UnitTestResult>
    <UnitTestResult executionId="85396c73-c58a-48ac-b5b9-7af30362af1e" testId="74ede5e4-c2ba-efdc-59e2-98b6650fa7e9" testName="FUNC35_TC03_SetProductsAsync_InvalidProductId_ShouldIgnore" computerName="PARK-2" duration="00:00:00.0064047" startTime="2025-12-12T23:26:41.9929630+07:00" endTime="2025-12-12T23:26:41.9994070+07:00" testType="13cdc9d9-ddb5-4fa4-a97d-d965ccfc6d4b" outcome="Passed" testListId="8c84fa94-04c1-424b-9868-57a2d4851a1d" relativeResultsDirectory="85396c73-c58a-48ac-b5b9-7af30362af1e" />
    <UnitTestResult executionId="7be3d276-150f-4280-99fc-ec0223c2cde8" testId="6ccc0b11-6067-af2d-d0b8-bcfd3be25033" testName="FUNC12_TC04_AddOrderItemAsync_ExistingItem_ShouldUpdateQuantity" computerName="PARK-2" duration="00:00:00.0066549" startTime="2025-12-12T23:26:41.3941140+07:00" endTime="2025-12-12T23:26:41.4008040+07:00" testType="13cdc9d9-ddb5-4fa4-a97d-d965ccfc6d4b" outcome="Passed" testListId="8c84fa94-04c1-424b-9868-57a2d4851a1d" relativeResultsDirectory="7be3d276-150f-4280-99fc-ec0223c2cde8" />
    <UnitTestResult executionId="b16869ac-6e62-48f3-85fc-5e73220cd10c" testId="8d5ccc6b-aded-a389-9d9d-bcffdb86412b" testName="FUNC02_TC01_LoginAsync_Success_ShouldReturnUserWithTokens" computerName="PARK-2" duration="00:00:00.0385724" startTime="2025-12-12T23:26:40.8750340+07:00" endTime="2025-12-12T23:26:40.9136460+07:00" testType="13cdc9d9-ddb5-4fa4-a97d-d965ccfc6d4b" outcome="Passed" testListId="8c84fa94-04c1-424b-9868-57a2d4851a1d" relativeResultsDirectory="b16869ac-6e62-48f3-85fc-5e73220cd10c" />
    <UnitTestResult executionId="a504b958-a944-4e5c-80be-14221826906d" testId="1d3bfdb3-f5c4-41eb-0f42-c42a7ccd8230" testName="FUNC32_TC04_CreateInventoryCardForPurchaseAsync_UpdateProductStockFalse_ShouldNotAddStock" computerName="PARK-2" duration="00:00:00.0005650" startTime="2025-12-12T23:26:41.5042110+07:00" endTime="2025-12-12T23:26:41.5047980+07:00" testType="13cdc9d9-ddb5-4fa4-a97d-d965ccfc6d4b" outcome="Passed" testListId="8c84fa94-04c1-424b-9868-57a2d4851a1d" relativeResultsDirectory="a504b958-a944-4e5c-80be-14221826906d" />
    <UnitTestResult executionId="51ab9458-fed6-4cbf-93b3-9c2f4445a10f" testId="d448e2e6-2ed0-ba48-42b5-ad7ce615751b" testName="FUNC03_TC04_UpdatePasswordAsync_InactiveUser_ShouldThrowException" computerName="PARK-2" duration="00:00:00.0061051" startTime="2025-12-12T23:26:40.9797540+07:00" endTime="2025-12-12T23:26:40.9858890+07:00" testType="13cdc9d9-ddb5-4fa4-a97d-d965ccfc6d4b" outcome="Passed" testListId="8c84fa94-04c1-424b-9868-57a2d4851a1d" relativeResultsDirectory="51ab9458-fed6-4cbf-93b3-9c2f4445a10f" />
    <UnitTestResult executionId="ac7c2a49-cb22-48f0-93dd-219be52785c2" testId="68b2bff3-aa99-78d4-0f92-2b6b278b79e0" testName="FUNC18_TC02_RecordVoucherUsageAsync_MultipleUsages_ShouldIncrementCount" computerName="PARK-2" duration="00:00:00.0087029" startTime="2025-12-12T23:26:42.6850240+07:00" endTime="2025-12-12T23:26:42.6938040+07:00" testType="13cdc9d9-ddb5-4fa4-a97d-d965ccfc6d4b" outcome="Passed" testListId="8c84fa94-04c1-424b-9868-57a2d4851a1d" relativeResultsDirectory="ac7c2a49-cb22-48f0-93dd-219be52785c2" />
    <UnitTestResult executionId="411ac729-9c17-4445-8ec1-f30f83f0e023" testId="188ddc09-216a-b4c5-10b9-c0afb701276a" testName="FUNC32_TC02_CreateInventoryCardForPurchaseAsync_ProductNotFound_ShouldThrowException" computerName="PARK-2" duration="00:00:00.0004701" startTime="2025-12-12T23:26:41.5027290+07:00" endTime="2025-12-12T23:26:41.5032180+07:00" testType="13cdc9d9-ddb5-4fa4-a97d-d965ccfc6d4b" outcome="Passed" testListId="8c84fa94-04c1-424b-9868-57a2d4851a1d" relativeResultsDirectory="411ac729-9c17-4445-8ec1-f30f83f0e023" />
    <UnitTestResult executionId="0f967228-e231-4e61-818d-3eccf169832d" testId="df08a9b8-1be8-8381-040e-63c849295604" testName="FUNC05_TC05_VerifyEmailAsync_ExpiredToken_ShouldThrowException" computerName="PARK-2" duration="00:00:00.0064600" startTime="2025-12-12T23:26:41.0910600+07:00" endTime="2025-12-12T23:26:41.0975540+07:00" testType="13cdc9d9-ddb5-4fa4-a97d-d965ccfc6d4b" outcome="Passed" testListId="8c84fa94-04c1-424b-9868-57a2d4851a1d" relativeResultsDirectory="0f967228-e231-4e61-818d-3eccf169832d" />
    <UnitTestResult executionId="72f709ab-4633-49e1-9987-c7f3f32ef50f" testId="02e225fb-4d50-2973-2660-4c304c82e1d2" testName="FUNC32_TC01_CreateInventoryCardForPurchaseAsync_Success_ShouldAddStock" computerName="PARK-2" duration="00:00:00.0011408" startTime="2025-12-12T23:26:41.5015580+07:00" endTime="2025-12-12T23:26:41.5027190+07:00" testType="13cdc9d9-ddb5-4fa4-a97d-d965ccfc6d4b" outcome="Passed" testListId="8c84fa94-04c1-424b-9868-57a2d4851a1d" relativeResultsDirectory="72f709ab-4633-49e1-9987-c7f3f32ef50f" />
    <UnitTestResult executionId="c9d8bce1-184d-4085-a00e-42ff6e1bf3c8" testId="22491d31-8fc0-671a-afb0-edd8c2f22251" testName="FUNC17_TC01_ValidateAndCalculateDiscountAsync_Success_ShouldReturnValidResponse" computerName="PARK-2" duration="00:00:00.0214184" startTime="2025-12-12T23:26:42.5946220+07:00" endTime="2025-12-12T23:26:42.6161200+07:00" testType="13cdc9d9-ddb5-4fa4-a97d-d965ccfc6d4b" outcome="Failed" testListId="8c84fa94-04c1-424b-9868-57a2d4851a1d" relativeResultsDirectory="c9d8bce1-184d-4085-a00e-42ff6e1bf3c8">
      <Output>
        <ErrorInfo>
          <Message>Assert.AreEqual failed. Expected:&lt;10000&gt;. Actual:&lt;0&gt;. </Message>
          <StackTrace>   at Tests.VoucherServiceTests.FUNC17_TC01_ValidateAndCalculateDiscountAsync_Success_ShouldReturnValidResponse() in /Users/dotritrong/Desktop/Capstone/Badminton_Court_Management_System/Tests/VoucherServiceTests.cs:line 136
</StackTrace>
        </ErrorInfo>
      </Output>
    </UnitTestResult>
    <UnitTestResult executionId="ea904fea-d7c8-45dc-913c-36db072ebab3" testId="10780549-55ec-8a0a-9746-91991e8e98cc" testName="FUNC05_TC06_VerifyEmailAsync_UserAlreadyHasCustomer_ShouldNotCreateDuplicate" computerName="PARK-2" duration="00:00:00.0102951" startTime="2025-12-12T23:26:41.0975720+07:00" endTime="2025-12-12T23:26:41.1079000+07:00" testType="13cdc9d9-ddb5-4fa4-a97d-d965ccfc6d4b" outcome="Passed" testListId="8c84fa94-04c1-424b-9868-57a2d4851a1d" relativeResultsDirectory="ea904fea-d7c8-45dc-913c-36db072ebab3" />
    <UnitTestResult executionId="b6af3b27-af2c-40e3-874c-362a382434b6" testId="bb045d9e-49df-60b0-0551-a097cda332f8" testName="FUNC12_TC02_AddOrderItemAsync_OccurrenceNotFound_ShouldThrowException" computerName="PARK-2" duration="00:00:00.0098024" startTime="2025-12-12T23:26:41.3774250+07:00" endTime="2025-12-12T23:26:41.3872770+07:00" testType="13cdc9d9-ddb5-4fa4-a97d-d965ccfc6d4b" outcome="Passed" testListId="8c84fa94-04c1-424b-9868-57a2d4851a1d" relativeResultsDirectory="b6af3b27-af2c-40e3-874c-362a382434b6" />
    <UnitTestResult executionId="08225297-08a1-406e-8d9d-97e4b398acb7" testId="677151b8-68b6-a929-ace6-eceda1ddf095" testName="FUNC06_TC04_CreateBookingCourtAsync_InvalidTimeRange_ShouldThrowException" computerName="PARK-2" duration="00:00:00.0063747" startTime="2025-12-12T23:26:41.1626190+07:00" endTime="2025-12-12T23:26:41.1690290+07:00" testType="13cdc9d9-ddb5-4fa4-a97d-d965ccfc6d4b" outcome="Passed" testListId="8c84fa94-04c1-424b-9868-57a2d4851a1d" relativeResultsDirectory="08225297-08a1-406e-8d9d-97e4b398acb7" />
    <UnitTestResult executionId="8b05dd78-7ae6-4ecc-a69c-9ee247d32936" testId="57af7762-db86-ee93-68e1-8f29bc14a947" testName="FUNC18_TC04_RecordVoucherUsageAsync_ShouldSetUsedAtTimestamp" computerName="PARK-2" duration="00:00:00.0063419" startTime="2025-12-12T23:26:42.7076580+07:00" endTime="2025-12-12T23:26:42.7140400+07:00" testType="13cdc9d9-ddb5-4fa4-a97d-d965ccfc6d4b" outcome="Passed" testListId="8c84fa94-04c1-424b-9868-57a2d4851a1d" relativeResultsDirectory="8b05dd78-7ae6-4ecc-a69c-9ee247d32936" />
    <UnitTestResult executionId="e82f1c45-48e6-483a-931d-97335bfb9127" testId="e2236ad5-6076-9779-4538-d8ae916961c6" testName="FUNC04_TC03_ForgotPasswordAsync_ResetPasswordFails_ShouldThrowException" computerName="PARK-2" duration="00:00:00.0069925" startTime="2025-12-12T23:26:41.0131720+07:00" endTime="2025-12-12T23:26:41.0201940+07:00" testType="13cdc9d9-ddb5-4fa4-a97d-d965ccfc6d4b" outcome="Failed" testListId="8c84fa94-04c1-424b-9868-57a2d4851a1d" relativeResultsDirectory="e82f1c45-48e6-483a-931d-97335bfb9127">
      <Output>
        <ErrorInfo>
          <Message>Assert.ThrowsException failed. No exception thrown. ApiException exception was expected. </Message>
          <StackTrace>   at Tests.AuthServiceTests.FUNC04_TC03_ForgotPasswordAsync_ResetPasswordFails_ShouldThrowException() in /Users/dotritrong/Desktop/Capstone/Badminton_Court_Management_System/Tests/AuthServiceTests.cs:line 629
</StackTrace>
        </ErrorInfo>
      </Output>
    </UnitTestResult>
    <UnitTestResult executionId="1ddd01b2-cbef-4676-954e-9573071403a1" testId="d84b03c1-c777-4246-3078-8c663ca3e4ce" testName="FUNC12_TC03_AddOrderItemAsync_ProductNotFound_ShouldThrowException" computerName="PARK-2" duration="00:00:00.0063928" startTime="2025-12-12T23:26:41.3872990+07:00" endTime="2025-12-12T23:26:41.3937270+07:00" testType="13cdc9d9-ddb5-4fa4-a97d-d965ccfc6d4b" outcome="Passed" testListId="8c84fa94-04c1-424b-9868-57a2d4851a1d" relativeResultsDirectory="1ddd01b2-cbef-4676-954e-9573071403a1" />
    <UnitTestResult executionId="3a20e526-8fb7-486c-9134-4e33126eddb4" testId="4fb3ad6d-8f3b-4e34-835e-472c8ef81c9e" testName="FUNC21_TC03_CreateForCurrentUserAsync_NoCustomer_ShouldThrowException" computerName="PARK-2" duration="00:00:00.0095057" startTime="2025-12-12T23:26:42.5137050+07:00" endTime="2025-12-12T23:26:42.5232600+07:00" testType="13cdc9d9-ddb5-4fa4-a97d-d965ccfc6d4b" outcome="Passed" testListId="8c84fa94-04c1-424b-9868-57a2d4851a1d" relativeResultsDirectory="3a20e526-8fb7-486c-9134-4e33126eddb4" />
    <UnitTestResult executionId="db7b3442-c284-48a7-91a2-0d69816fde01" testId="1b795961-6ae5-ef4f-cd1b-1f28d9e524ba" testName="FUNC22_TC03_ExtendPaymentAsync_AlreadyPaid_ShouldThrowException" computerName="PARK-2" duration="00:00:00.0068559" startTime="2025-12-12T23:26:42.5708820+07:00" endTime="2025-12-12T23:26:42.5777820+07:00" testType="13cdc9d9-ddb5-4fa4-a97d-d965ccfc6d4b" outcome="Passed" testListId="8c84fa94-04c1-424b-9868-57a2d4851a1d" relativeResultsDirectory="db7b3442-c284-48a7-91a2-0d69816fde01" />
    <UnitTestResult executionId="bab35012-4d7e-4212-acb9-19b7dd374521" testId="a80bfdcc-a123-1d0a-9aed-bc5a9c24e681" testName="FUNC26_TC04_RemoveStaffFromShiftAsync_WithAttendanceCheckedIn_ShouldThrowException" computerName="PARK-2" duration="00:00:00.0110086" startTime="2025-12-12T23:26:42.1915080+07:00" endTime="2025-12-12T23:26:42.2025620+07:00" testType="13cdc9d9-ddb5-4fa4-a97d-d965ccfc6d4b" outcome="Passed" testListId="8c84fa94-04c1-424b-9868-57a2d4851a1d" relativeResultsDirectory="bab35012-4d7e-4212-acb9-19b7dd374521" />
    <UnitTestResult executionId="3747c9b7-58b2-4572-b02a-f930b3212921" testId="7671dc83-83a6-d86b-9265-09802329f1f5" testName="FUNC22_TC04_ExtendPaymentAsync_ShouldCreateNewPayment" computerName="PARK-2" duration="00:00:00.0069597" startTime="2025-12-12T23:26:42.5778050+07:00" endTime="2025-12-12T23:26:42.5848020+07:00" testType="13cdc9d9-ddb5-4fa4-a97d-d965ccfc6d4b" outcome="Failed" testListId="8c84fa94-04c1-424b-9868-57a2d4851a1d" relativeResultsDirectory="3747c9b7-58b2-4572-b02a-f930b3212921">
      <Output>
        <ErrorInfo>
          <Message>Test method Tests.UserMembershipServiceTests.FUNC22_TC04_ExtendPaymentAsync_ShouldCreateNewPayment threw exception: &#xD;
System.NullReferenceException: Object reference not set to an instance of an object.</Message>
          <StackTrace>    at Microsoft.Extensions.Configuration.ConfigurationBinder.GetValue(IConfiguration configuration, Type type, String key, Object defaultValue)
   at Microsoft.Extensions.Configuration.ConfigurationBinder.GetValue[T](IConfiguration configuration, String key, T defaultValue)
   at Microsoft.Extensions.Configuration.ConfigurationBinder.GetValue[T](IConfiguration configuration, String key)
   at ApiApplication.Services.Impl.UserMembershipService.ExtendPaymentAsync(ExtendPaymentRequest request) in /Users/dotritrong/Desktop/Capstone/Badminton_Court_Management_System/ApiApplication/Services/Impl/UserMembershipService.cs:line 313
   at Tests.UserMembershipServiceTests.FUNC22_TC04_ExtendPaymentAsync_ShouldCreateNewPayment() in /Users/dotritrong/Desktop/Capstone/Badminton_Court_Management_System/Tests/UserMembershipServiceTests.cs:line 392
</StackTrace>
        </ErrorInfo>
      </Output>
    </UnitTestResult>
    <UnitTestResult executionId="7465b81c-8f6f-464a-904d-b93f0273de2b" testId="bac6da1a-27e6-b23c-754c-fc22c45b5eda" testName="FUNC27_TC04_CreateShiftAsync_ZeroDuration_ShouldThrowException" computerName="PARK-2" duration="00:00:00.0053798" startTime="2025-12-12T23:26:42.3099850+07:00" endTime="2025-12-12T23:26:42.3153910+07:00" testType="13cdc9d9-ddb5-4fa4-a97d-d965ccfc6d4b" outcome="Passed" testListId="8c84fa94-04c1-424b-9868-57a2d4851a1d" relativeResultsDirectory="7465b81c-8f6f-464a-904d-b93f0273de2b" />
    <UnitTestResult executionId="4537687f-af82-4276-9e44-e9c12d5b649c" testId="c8c31b04-fc40-f7b7-32c0-f3776cad3dc0" testName="FUNC10_TC01_CheckOutOccurrenceAsync_Success_ShouldCheckOut" computerName="PARK-2" duration="00:00:00.0115847" startTime="2025-12-12T23:26:41.3015040+07:00" endTime="2025-12-12T23:26:41.3131240+07:00" testType="13cdc9d9-ddb5-4fa4-a97d-d965ccfc6d4b" outcome="Passed" testListId="8c84fa94-04c1-424b-9868-57a2d4851a1d" relativeResultsDirectory="4537687f-af82-4276-9e44-e9c12d5b649c" />
    <UnitTestResult executionId="452766ee-4562-44f2-8eca-7c84b47b5ad3" testId="5bd7f8c1-2655-4e1b-d8b3-30d12dbf791e" testName="FUNC33_TC01_CompleteAsync_Success_ShouldUpdateStatusAndProcess" computerName="PARK-2" duration="00:00:00.0283661" startTime="2025-12-12T23:26:42.4351480+07:00" endTime="2025-12-12T23:26:42.4635860+07:00" testType="13cdc9d9-ddb5-4fa4-a97d-d965ccfc6d4b" outcome="Passed" testListId="8c84fa94-04c1-424b-9868-57a2d4851a1d" relativeResultsDirectory="452766ee-4562-44f2-8eca-7c84b47b5ad3" />
    <UnitTestResult executionId="018da8b0-4683-40ee-9849-0c98da280b08" testId="acf48f3a-6645-1546-16c8-e8fbe7edaa80" testName="FUNC08_TC02_CancelBookingCourtAsync_OccurrenceNotFound_ShouldThrowException" computerName="PARK-2" duration="00:00:00.0103466" startTime="2025-12-12T23:26:41.2559820+07:00" endTime="2025-12-12T23:26:41.2663900+07:00" testType="13cdc9d9-ddb5-4fa4-a97d-d965ccfc6d4b" outcome="Passed" testListId="8c84fa94-04c1-424b-9868-57a2d4851a1d" relativeResultsDirectory="018da8b0-4683-40ee-9849-0c98da280b08" />
    <UnitTestResult executionId="1d1e42f7-3690-4784-b198-66247c99d382" testId="bc936fa5-be6e-7ef5-402d-461cd07a82cb" testName="FUNC07_TC01_UserCreateBookingCourtAsync_Success_ShouldCreateBooking" computerName="PARK-2" duration="00:00:00.0155911" startTime="2025-12-12T23:26:41.1895180+07:00" endTime="2025-12-12T23:26:41.2051440+07:00" testType="13cdc9d9-ddb5-4fa4-a97d-d965ccfc6d4b" outcome="Failed" testListId="8c84fa94-04c1-424b-9868-57a2d4851a1d" relativeResultsDirectory="1d1e42f7-3690-4784-b198-66247c99d382">
      <Output>
        <ErrorInfo>
          <Message>Test method Tests.BookingCourtServiceTests.FUNC07_TC01_UserCreateBookingCourtAsync_Success_ShouldCreateBooking threw exception: &#xD;
ApiApplication.Exceptions.ApiException: Booking vãng lai phải có StartDate = EndDate và DayOfWeek = null.</Message>
          <StackTrace>    at ApiApplication.Services.Impl.BookingCourtService.UserCreateBookingCourtAsync(UserCreateBookingCourtRequest request) in /Users/dotritrong/Desktop/Capstone/Badminton_Court_Management_System/ApiApplication/Services/Impl/BookingCourtService.cs:line 476
   at Tests.BookingCourtServiceTests.FUNC07_TC01_UserCreateBookingCourtAsync_Success_ShouldCreateBooking() in /Users/dotritrong/Desktop/Capstone/Badminton_Court_Management_System/Tests/BookingCourtServiceTests.cs:line 343
</StackTrace>
        </ErrorInfo>
      </Output>
    </UnitTestResult>
    <UnitTestResult executionId="d5cb0393-6c68-40cd-87f7-1d86e9b0e4cc" testId="c03329f3-e378-f515-3209-dc73240d072c" testName="FUNC14_TC01_CheckoutAsync_Success_ShouldCreateOrder" computerName="PARK-2" duration="00:00:00.0843030" startTime="2025-12-12T23:26:41.5925470+07:00" endTime="2025-12-12T23:26:41.6769430+07:00" testType="13cdc9d9-ddb5-4fa4-a97d-d965ccfc6d4b" outcome="Passed" testListId="8c84fa94-04c1-424b-9868-57a2d4851a1d" relativeResultsDirectory="d5cb0393-6c68-40cd-87f7-1d86e9b0e4cc">
      <Output>
        <StdOut>No QR URL - isCashPayment: True, totalAmount: 0</StdOut>
      </Output>
    </UnitTestResult>
    <UnitTestResult executionId="ebfda01d-9a2a-4d1b-a596-b0572d06b82f" testId="53e7ec6c-2007-1ae2-8dcc-a438b5165d54" testName="FUNC34_TC04_CompleteAsync_WithCashPayment_ShouldSetSupplierPaid" computerName="PARK-2" duration="00:00:00.0009723" startTime="2025-12-12T23:26:42.0725180+07:00" endTime="2025-12-12T23:26:42.0735130+07:00" testType="13cdc9d9-ddb5-4fa4-a97d-d965ccfc6d4b" outcome="Passed" testListId="8c84fa94-04c1-424b-9868-57a2d4851a1d" relativeResultsDirectory="ebfda01d-9a2a-4d1b-a596-b0572d06b82f" />
    <UnitTestResult executionId="2bc96e13-b18b-424c-8e20-38ba284372dc" testId="312cdd54-db0e-7cc4-dff1-9b879703ff17" testName="FUNC14_TC03_CheckoutAsync_NotCheckedIn_ShouldThrowException" computerName="PARK-2" duration="00:00:00.0065636" startTime="2025-12-12T23:26:41.6866700+07:00" endTime="2025-12-12T23:26:41.6932660+07:00" testType="13cdc9d9-ddb5-4fa4-a97d-d965ccfc6d4b" outcome="Passed" testListId="8c84fa94-04c1-424b-9868-57a2d4851a1d" relativeResultsDirectory="2bc96e13-b18b-424c-8e20-38ba284372dc" />
    <UnitTestResult executionId="e884ae7b-6196-440a-b0b0-9d863ffae345" testId="3cfce9d8-6f99-2d42-8f62-a507786b0c01" testName="FUNC13_TC03_UpdateOrderItemAsync_ItemNotFound_ShouldThrowException" computerName="PARK-2" duration="00:00:00.0100689" startTime="2025-12-12T23:26:41.4201700+07:00" endTime="2025-12-12T23:26:41.4302770+07:00" testType="13cdc9d9-ddb5-4fa4-a97d-d965ccfc6d4b" outcome="Passed" testListId="8c84fa94-04c1-424b-9868-57a2d4851a1d" relativeResultsDirectory="e884ae7b-6196-440a-b0b0-9d863ffae345" />
    <UnitTestResult executionId="e181db32-2e93-4d56-aa97-03f532e93d9d" testId="a6b08eb4-a430-0178-21b7-75113d52a479" testName="FUNC38_TC01_ChangeCustomerStatusAsync_Success_ShouldUpdateStatus" computerName="PARK-2" duration="00:00:00.0118791" startTime="2025-12-12T23:26:41.4605630+07:00" endTime="2025-12-12T23:26:41.4725280+07:00" testType="13cdc9d9-ddb5-4fa4-a97d-d965ccfc6d4b" outcome="Passed" testListId="8c84fa94-04c1-424b-9868-57a2d4851a1d" relativeResultsDirectory="e181db32-2e93-4d56-aa97-03f532e93d9d" />
    <UnitTestResult executionId="015dff40-f710-4ac5-8206-913c0863ef15" testId="b5ab2312-f158-18f3-9ea3-e5c0d906ba6c" testName="FUNC08_TC01_CancelBookingCourtAsync_Success_ShouldCancelOccurrence" computerName="PARK-2" duration="00:00:00.0352686" startTime="2025-12-12T23:26:41.2206280+07:00" endTime="2025-12-12T23:26:41.2559430+07:00" testType="13cdc9d9-ddb5-4fa4-a97d-d965ccfc6d4b" outcome="Passed" testListId="8c84fa94-04c1-424b-9868-57a2d4851a1d" relativeResultsDirectory="015dff40-f710-4ac5-8206-913c0863ef15" />
    <UnitTestResult executionId="c66e6000-2a37-4b39-b516-f01a3051d9e7" testId="b631bae4-dc3f-78f6-6cdd-8078f26dd218" testName="FUNC35_TC01_SetProductsAsync_Success_ShouldAssignProducts" computerName="PARK-2" duration="00:00:00.0332337" startTime="2025-12-12T23:26:41.9526270+07:00" endTime="2025-12-12T23:26:41.9859420+07:00" testType="13cdc9d9-ddb5-4fa4-a97d-d965ccfc6d4b" outcome="Passed" testListId="8c84fa94-04c1-424b-9868-57a2d4851a1d" relativeResultsDirectory="c66e6000-2a37-4b39-b516-f01a3051d9e7" />
    <UnitTestResult executionId="16ce4ebd-3866-4ae2-ab64-125a9bfa204d" testId="6be252ac-b925-f6bb-953d-5468888aed45" testName="FUNC34_TC02_CompleteAsync_ReturnGoodsNotFound_ShouldThrowException" computerName="PARK-2" duration="00:00:00.0007407" startTime="2025-12-12T23:26:42.0709300+07:00" endTime="2025-12-12T23:26:42.0717110+07:00" testType="13cdc9d9-ddb5-4fa4-a97d-d965ccfc6d4b" outcome="Passed" testListId="8c84fa94-04c1-424b-9868-57a2d4851a1d" relativeResultsDirectory="16ce4ebd-3866-4ae2-ab64-125a9bfa204d" />
    <UnitTestResult executionId="c30fae6c-3ecd-4130-8683-c838857393f3" testId="3358988f-5092-b0e0-a6b4-c1fe9139d3f6" testName="FUNC21_TC02_CreateForCurrentUserAsync_NoUserId_ShouldThrowException" computerName="PARK-2" duration="00:00:00.0070008" startTime="2025-12-12T23:26:42.5066140+07:00" endTime="2025-12-12T23:26:42.5136690+07:00" testType="13cdc9d9-ddb5-4fa4-a97d-d965ccfc6d4b" outcome="Passed" testListId="8c84fa94-04c1-424b-9868-57a2d4851a1d" relativeResultsDirectory="c30fae6c-3ecd-4130-8683-c838857393f3" />
    <UnitTestResult executionId="7f9b7722-cfec-4468-acec-77338aedd566" testId="bff47c25-00b8-e9bc-1e25-9564fb8316d7" testName="FUNC06_TC06_CreateBookingCourtAsync_WithVoucher_ShouldApplyDiscount" computerName="PARK-2" duration="00:00:00.0139811" startTime="2025-12-12T23:26:41.1754820+07:00" endTime="2025-12-12T23:26:41.1894970+07:00" testType="13cdc9d9-ddb5-4fa4-a97d-d965ccfc6d4b" outcome="Failed" testListId="8c84fa94-04c1-424b-9868-57a2d4851a1d" relativeResultsDirectory="7f9b7722-cfec-4468-acec-77338aedd566">
      <Output>
        <ErrorInfo>
          <Message>Test method Tests.BookingCourtServiceTests.FUNC06_TC06_CreateBookingCourtAsync_WithVoucher_ShouldApplyDiscount threw exception: &#xD;
ApiApplication.Exceptions.ApiException: Booking vãng lai phải có StartDate = EndDate và DayOfWeek = null.</Message>
          <StackTrace>    at ApiApplication.Services.Impl.BookingCourtService.CreateBookingCourtAsync(CreateBookingCourtRequest request) in /Users/dotritrong/Desktop/Capstone/Badminton_Court_Management_System/ApiApplication/Services/Impl/BookingCourtService.cs:line 96
   at Tests.BookingCourtServiceTests.FUNC06_TC06_CreateBookingCourtAsync_WithVoucher_ShouldApplyDiscount() in /Users/dotritrong/Desktop/Capstone/Badminton_Court_Management_System/Tests/BookingCourtServiceTests.cs:line 307
</StackTrace>
        </ErrorInfo>
      </Output>
    </UnitTestResult>
    <UnitTestResult executionId="38477d78-a18c-4551-8dd3-342c67781531" testId="397b2531-83ac-4fe1-a30b-5ac1efd519d2" testName="FUNC17_TC02_ValidateAndCalculateDiscountAsync_VoucherNotFound_ShouldReturnInvalid" computerName="PARK-2" duration="00:00:00.0092612" startTime="2025-12-12T23:26:42.6161550+07:00" endTime="2025-12-12T23:26:42.6254640+07:00" testType="13cdc9d9-ddb5-4fa4-a97d-d965ccfc6d4b" outcome="Passed" testListId="8c84fa94-04c1-424b-9868-57a2d4851a1d" relativeResultsDirectory="38477d78-a18c-4551-8dd3-342c67781531" />
    <UnitTestResult executionId="f4d2c75b-6d3f-4952-a4b1-4f44a6350b7b" testId="f761102c-e803-8549-3124-a517debd8205" testName="FUNC16_TC03_CreatePaymentForOrderAsync_BookingNotFound_ShouldThrowException" computerName="PARK-2" duration="00:00:00.0073874" startTime="2025-12-12T23:26:41.8830410+07:00" endTime="2025-12-12T23:26:41.8904750+07:00" testType="13cdc9d9-ddb5-4fa4-a97d-d965ccfc6d4b" outcome="Passed" testListId="8c84fa94-04c1-424b-9868-57a2d4851a1d" relativeResultsDirectory="f4d2c75b-6d3f-4952-a4b1-4f44a6350b7b" />
    <UnitTestResult executionId="27878b61-ef52-450f-945c-293117c57ae9" testId="c7794c6f-95b7-f11d-95cc-e28b50bf07e1" testName="FUNC35_TC02_SetProductsAsync_PriceTableNotFound_ShouldThrowException" computerName="PARK-2" duration="00:00:00.0068802" startTime="2025-12-12T23:26:41.9859880+07:00" endTime="2025-12-12T23:26:41.9929300+07:00" testType="13cdc9d9-ddb5-4fa4-a97d-d965ccfc6d4b" outcome="Passed" testListId="8c84fa94-04c1-424b-9868-57a2d4851a1d" relativeResultsDirectory="27878b61-ef52-450f-945c-293117c57ae9" />
    <UnitTestResult executionId="a6bca8eb-c14f-4036-9b46-0ea2c375e2d2" testId="f59cdbe6-cd80-b3ca-7fe7-0298288e59ec" testName="FUNC08_TC03_CancelBookingCourtAsync_AlreadyCancelled_ShouldReturnTrue" computerName="PARK-2" duration="00:00:00.0069409" startTime="2025-12-12T23:26:41.2664240+07:00" endTime="2025-12-12T23:26:41.2734220+07:00" testType="13cdc9d9-ddb5-4fa4-a97d-d965ccfc6d4b" outcome="Passed" testListId="8c84fa94-04c1-424b-9868-57a2d4851a1d" relativeResultsDirectory="a6bca8eb-c14f-4036-9b46-0ea2c375e2d2" />
    <UnitTestResult executionId="4b3553f7-1460-4c02-8aaf-84c0e7db56cb" testId="1ac5eb84-ccf5-233a-8495-9e523dc927a3" testName="FUNC15_TC02_ExtendPaymentTimeAsync_OrderNotFound_ShouldThrowException" computerName="PARK-2" duration="00:00:00.0092609" startTime="2025-12-12T23:26:41.7679070+07:00" endTime="2025-12-12T23:26:41.7772170+07:00" testType="13cdc9d9-ddb5-4fa4-a97d-d965ccfc6d4b" outcome="Passed" testListId="8c84fa94-04c1-424b-9868-57a2d4851a1d" relativeResultsDirectory="4b3553f7-1460-4c02-8aaf-84c0e7db56cb" />
    <UnitTestResult executionId="485aabbe-20b2-495a-a3a7-c02df28f4157" testId="51c2e8e1-04af-50f1-e476-7e023ef5a20a" testName="FUNC13_TC02_UpdateOrderItemAsync_QuantityZero_ShouldRemoveItem" computerName="PARK-2" duration="00:00:00.0101731" startTime="2025-12-12T23:26:41.4099340+07:00" endTime="2025-12-12T23:26:41.4201430+07:00" testType="13cdc9d9-ddb5-4fa4-a97d-d965ccfc6d4b" outcome="Passed" testListId="8c84fa94-04c1-424b-9868-57a2d4851a1d" relativeResultsDirectory="485aabbe-20b2-495a-a3a7-c02df28f4157" />
    <UnitTestResult executionId="230c2892-30d6-46b5-8dba-48d8ea428476" testId="811aa271-0ff0-4a38-3617-e966997ba196" testName="FUNC30_TC02_CheckOutAsync_NoCheckIn_ShouldReturnFalse" computerName="PARK-2" duration="00:00:00.0067574" startTime="2025-12-12T23:26:40.7400860+07:00" endTime="2025-12-12T23:26:40.7468840+07:00" testType="13cdc9d9-ddb5-4fa4-a97d-d965ccfc6d4b" outcome="Passed" testListId="8c84fa94-04c1-424b-9868-57a2d4851a1d" relativeResultsDirectory="230c2892-30d6-46b5-8dba-48d8ea428476" />
    <UnitTestResult executionId="65e00344-93e3-440a-845e-5d7c45bfcdd1" testId="771d65b9-d91c-e25a-16a7-c1123f1fc59a" testName="FUNC29_TC03_CheckInAsync_MultipleTimes_ShouldUpdateLatestCheckIn" computerName="PARK-2" duration="00:00:00.0132590" startTime="2025-12-12T23:26:40.7068990+07:00" endTime="2025-12-12T23:26:40.7202010+07:00" testType="13cdc9d9-ddb5-4fa4-a97d-d965ccfc6d4b" outcome="Passed" testListId="8c84fa94-04c1-424b-9868-57a2d4851a1d" relativeResultsDirectory="65e00344-93e3-440a-845e-5d7c45bfcdd1" />
    <UnitTestResult executionId="795cc872-5d44-41f8-8948-0137ddc2a0de" testId="5d033c06-03ee-72d9-a6e5-b4a54834d85c" testName="FUNC24_TC01_ChangeStaffStatusAsync_Success_ShouldUpdateStatus" computerName="PARK-2" duration="00:00:00.0065342" startTime="2025-12-12T23:26:42.4055300+07:00" endTime="2025-12-12T23:26:42.4121040+07:00" testType="13cdc9d9-ddb5-4fa4-a97d-d965ccfc6d4b" outcome="Passed" testListId="8c84fa94-04c1-424b-9868-57a2d4851a1d" relativeResultsDirectory="795cc872-5d44-41f8-8948-0137ddc2a0de" />
    <UnitTestResult executionId="c0ecda05-1180-426b-9dec-9b94e85805ec" testId="c6536b12-7a6a-6613-9eea-22a479d31638" testName="FUNC28_TC03_DeleteShiftAsync_WithSchedules_ShouldThrowException" computerName="PARK-2" duration="00:00:00.0069765" startTime="2025-12-12T23:26:42.3377500+07:00" endTime="2025-12-12T23:26:42.3447770+07:00" testType="13cdc9d9-ddb5-4fa4-a97d-d965ccfc6d4b" outcome="Passed" testListId="8c84fa94-04c1-424b-9868-57a2d4851a1d" relativeResultsDirectory="c0ecda05-1180-426b-9dec-9b94e85805ec" />
    <UnitTestResult executionId="36022ece-34ff-4aef-95ad-1edfe8c4a07c" testId="e7c82bae-e189-feea-f4ad-6992292e40c8" testName="FUNC05_TC04_VerifyEmailAsync_InvalidToken_ShouldThrowException" computerName="PARK-2" duration="00:00:00.0084695" startTime="2025-12-12T23:26:41.0825340+07:00" endTime="2025-12-12T23:26:41.0910380+07:00" testType="13cdc9d9-ddb5-4fa4-a97d-d965ccfc6d4b" outcome="Passed" testListId="8c84fa94-04c1-424b-9868-57a2d4851a1d" relativeResultsDirectory="36022ece-34ff-4aef-95ad-1edfe8c4a07c" />
    <UnitTestResult executionId="34036af6-1cfe-4da5-ba40-c53e38abb013" testId="4c49d0f5-0aa8-4ecf-207a-e3c29cb7228c" testName="FUNC09_TC02_CheckInOccurrenceAsync_OccurrenceNotFound_ShouldThrowException" computerName="PARK-2" duration="00:00:00.0073488" startTime="2025-12-12T23:26:41.2871200+07:00" endTime="2025-12-12T23:26:41.2945270+07:00" testType="13cdc9d9-ddb5-4fa4-a97d-d965ccfc6d4b" outcome="Passed" testListId="8c84fa94-04c1-424b-9868-57a2d4851a1d" relativeResultsDirectory="34036af6-1cfe-4da5-ba40-c53e38abb013" />
    <UnitTestResult executionId="1cca0715-2c13-4be6-abf8-f85d716ffd47" testId="f7d56908-cc77-e812-7489-7f5183f26ae3" testName="FUNC01_TC02_UserRegisterAsync_EmailExists_ShouldThrowException" computerName="PARK-2" duration="00:00:00.0319081" startTime="2025-12-12T23:26:40.8162910+07:00" endTime="2025-12-12T23:26:40.8482750+07:00" testType="13cdc9d9-ddb5-4fa4-a97d-d965ccfc6d4b" outcome="Passed" testListId="8c84fa94-04c1-424b-9868-57a2d4851a1d" relativeResultsDirectory="1cca0715-2c13-4be6-abf8-f85d716ffd47" />
    <UnitTestResult executionId="5834992d-11f8-4633-901e-97d4b1f633d7" testId="e1edbdd9-520c-008d-3e23-48e5937fe8a0" testName="FUNC01_TC04_UserRegisterAsync_CreateUserFails_ShouldThrowException" computerName="PARK-2" duration="00:00:00.0121587" startTime="2025-12-12T23:26:40.8554290+07:00" endTime="2025-12-12T23:26:40.8676330+07:00" testType="13cdc9d9-ddb5-4fa4-a97d-d965ccfc6d4b" outcome="Failed" testListId="8c84fa94-04c1-424b-9868-57a2d4851a1d" relativeResultsDirectory="5834992d-11f8-4633-901e-97d4b1f633d7">
      <Output>
        <ErrorInfo>
          <Message>Assert.ThrowsException failed. Threw exception NullReferenceException, but exception ApiException was expected. &#xD;
Exception Message: Object reference not set to an instance of an object.&#xD;
Stack Trace:    at ApiApplication.Services.Impl.AuthService.UserRegisterAsync(RegisterRequest registerRequest) in /Users/dotritrong/Desktop/Capstone/Badminton_Court_Management_System/ApiApplication/Services/Impl/AuthService.cs:line 531
   at Tests.AuthServiceTests.&lt;&gt;c__DisplayClass14_0.&lt;&lt;FUNC01_TC04_UserRegisterAsync_CreateUserFails_ShouldThrowException&gt;b__3&gt;d.MoveNext() in /Users/dotritrong/Desktop/Capstone/Badminton_Court_Management_System/Tests/AuthServiceTests.cs:line 206
--- End of stack trace from previous location ---
   at Microsoft.VisualStudio.TestTools.UnitTesting.Assert.ThrowsExceptionAsync[T](Func`1 action, String message, Object[] parameters) in /_/src/TestFramework/TestFramework/Assertions/Assert.ThrowsException.cs:line 293</Message>
          <StackTrace>   at Tests.AuthServiceTests.FUNC01_TC04_UserRegisterAsync_CreateUserFails_ShouldThrowException() in /Users/dotritrong/Desktop/Capstone/Badminton_Court_Management_System/Tests/AuthServiceTests.cs:line 206
</StackTrace>
        </ErrorInfo>
      </Output>
    </UnitTestResult>
    <UnitTestResult executionId="07208ae1-3a59-495a-8037-70476b490202" testId="b88c49f8-bcd0-550b-6dad-bd38c9ab497f" testName="FUNC36_TC01_AddBookingServiceAsync_Success_ShouldCreateBookingService" computerName="PARK-2" duration="00:00:00.0429449" startTime="2025-12-12T23:26:42.2025900+07:00" endTime="2025-12-12T23:26:42.2456250+07:00" testType="13cdc9d9-ddb5-4fa4-a97d-d965ccfc6d4b" outcome="Passed" testListId="8c84fa94-04c1-424b-9868-57a2d4851a1d" relativeResultsDirectory="07208ae1-3a59-495a-8037-70476b490202" />
    <UnitTestResult executionId="bc3db39e-6b2c-4411-8345-40ab0327e719" testId="cb1ff9cc-2c04-bda4-efb6-931f4b75cebb" testName="FUNC27_TC03_CreateShiftAsync_StartTimeAfterEndTime_ShouldThrowException" computerName="PARK-2" duration="00:00:00.0056097" startTime="2025-12-12T23:26:42.3043240+07:00" endTime="2025-12-12T23:26:42.3099650+07:00" testType="13cdc9d9-ddb5-4fa4-a97d-d965ccfc6d4b" outcome="Passed" testListId="8c84fa94-04c1-424b-9868-57a2d4851a1d" relativeResultsDirectory="bc3db39e-6b2c-4411-8345-40ab0327e719" />
    <UnitTestResult executionId="f0afa87d-729e-4360-898f-c240b4d51124" testId="50cd8521-8eed-f90d-f715-cfa682c087e2" testName="FUNC16_TC06_CreatePaymentForOrderAsync_ShouldSetPaymentCreatedAt" computerName="PARK-2" duration="00:00:00.0080231" startTime="2025-12-12T23:26:41.9250120+07:00" endTime="2025-12-12T23:26:41.9330820+07:00" testType="13cdc9d9-ddb5-4fa4-a97d-d965ccfc6d4b" outcome="Passed" testListId="8c84fa94-04c1-424b-9868-57a2d4851a1d" relativeResultsDirectory="f0afa87d-729e-4360-898f-c240b4d51124" />
    <UnitTestResult executionId="58437d52-2bf6-4ee2-915c-08bbb5edfc9f" testId="a673ce52-0d22-7535-1c35-03542f70f20c" testName="FUNC20_TC04_UpdateStatusAsync_ToDeleted_ShouldUpdate" computerName="PARK-2" duration="00:00:00.0063362" startTime="2025-12-12T23:26:41.5770650+07:00" endTime="2025-12-12T23:26:41.5834490+07:00" testType="13cdc9d9-ddb5-4fa4-a97d-d965ccfc6d4b" outcome="Passed" testListId="8c84fa94-04c1-424b-9868-57a2d4851a1d" relativeResultsDirectory="58437d52-2bf6-4ee2-915c-08bbb5edfc9f" />
    <UnitTestResult executionId="8e8d0409-9f7e-4989-8e47-8aa3e1a48fa2" testId="3e86db1b-94b6-4468-c6b4-37c892d73ff9" testName="FUNC21_TC05_CreateForCurrentUserAsync_MembershipInactive_ShouldThrowException" computerName="PARK-2" duration="00:00:00.0104540" startTime="2025-12-12T23:26:42.5303820+07:00" endTime="2025-12-12T23:26:42.5408920+07:00" testType="13cdc9d9-ddb5-4fa4-a97d-d965ccfc6d4b" outcome="Passed" testListId="8c84fa94-04c1-424b-9868-57a2d4851a1d" relativeResultsDirectory="8e8d0409-9f7e-4989-8e47-8aa3e1a48fa2" />
    <UnitTestResult executionId="dd899031-400c-45a3-b1d8-37b5625f73a3" testId="c54ab35a-685e-eab7-c27f-bf73da9fbee0" testName="FUNC06_TC03_CreateBookingCourtAsync_CourtInactive_ShouldThrowException" computerName="PARK-2" duration="00:00:00.0099570" startTime="2025-12-12T23:26:41.1526010+07:00" endTime="2025-12-12T23:26:41.1625970+07:00" testType="13cdc9d9-ddb5-4fa4-a97d-d965ccfc6d4b" outcome="Passed" testListId="8c84fa94-04c1-424b-9868-57a2d4851a1d" relativeResultsDirectory="dd899031-400c-45a3-b1d8-37b5625f73a3" />
    <UnitTestResult executionId="080b2884-90c0-4ffc-b3b8-21709bdf9f72" testId="a11bc082-0e18-fa13-c276-d7a6fd5c7e01" testName="FUNC15_TC01_ExtendPaymentTimeAsync_Success_ShouldExtendPayment" computerName="PARK-2" duration="00:00:00.0386715" startTime="2025-12-12T23:26:41.7291370+07:00" endTime="2025-12-12T23:26:41.7678700+07:00" testType="13cdc9d9-ddb5-4fa4-a97d-d965ccfc6d4b" outcome="Passed" testListId="8c84fa94-04c1-424b-9868-57a2d4851a1d" relativeResultsDirectory="080b2884-90c0-4ffc-b3b8-21709bdf9f72" />
    <UnitTestResult executionId="699e16c7-c63d-4b84-a975-2014cf94d3f4" testId="c08255c5-afaa-4309-2393-bcfd139a2829" testName="FUNC19_TC03_CreateAsync_WithInactiveStatus_ShouldCreateInactive" computerName="PARK-2" duration="00:00:00.0064820" startTime="2025-12-12T23:26:41.5299210+07:00" endTime="2025-12-12T23:26:41.5364420+07:00" testType="13cdc9d9-ddb5-4fa4-a97d-d965ccfc6d4b" outcome="Passed" testListId="8c84fa94-04c1-424b-9868-57a2d4851a1d" relativeResultsDirectory="699e16c7-c63d-4b84-a975-2014cf94d3f4" />
    <UnitTestResult executionId="fcc155e3-5a69-48d8-addd-93ebf1991f9c" testId="7e9604d8-4019-f7c7-0b78-74f3e24b73ad" testName="FUNC35_TC04_SetProductsAsync_PriceBelowCostPrice_ShouldThrowException" computerName="PARK-2" duration="00:00:00.0078856" startTime="2025-12-12T23:26:41.9994280+07:00" endTime="2025-12-12T23:26:42.0073500+07:00" testType="13cdc9d9-ddb5-4fa4-a97d-d965ccfc6d4b" outcome="Passed" testListId="8c84fa94-04c1-424b-9868-57a2d4851a1d" relativeResultsDirectory="fcc155e3-5a69-48d8-addd-93ebf1991f9c" />
    <UnitTestResult executionId="26222028-eeae-41d5-86c4-27eef914a05c" testId="d3b8eaf0-5000-a67b-2f84-80f25bc8c1c5" testName="FUNC16_TC04_CreatePaymentForOrderAsync_WithVoucher_ShouldIncludeVoucherInfo" computerName="PARK-2" duration="00:00:00.0243898" startTime="2025-12-12T23:26:41.8904990+07:00" endTime="2025-12-12T23:26:41.9149370+07:00" testType="13cdc9d9-ddb5-4fa4-a97d-d965ccfc6d4b" outcome="Passed" testListId="8c84fa94-04c1-424b-9868-57a2d4851a1d" relativeResultsDirectory="26222028-eeae-41d5-86c4-27eef914a05c" />
    <UnitTestResult executionId="ea0df27c-a581-4f46-9499-d146c3aa5283" testId="198167f3-4ace-24aa-660c-f5e2585a31c1" testName="FUNC09_TC01_CheckInOccurrenceAsync_Success_ShouldCheckIn" computerName="PARK-2" duration="00:00:00.0131624" startTime="2025-12-12T23:26:41.2734600+07:00" endTime="2025-12-12T23:26:41.2866790+07:00" testType="13cdc9d9-ddb5-4fa4-a97d-d965ccfc6d4b" outcome="Failed" testListId="8c84fa94-04c1-424b-9868-57a2d4851a1d" relativeResultsDirectory="ea0df27c-a581-4f46-9499-d146c3aa5283">
      <Output>
        <ErrorInfo>
          <Message>Test method Tests.BookingCourtServiceTests.FUNC09_TC01_CheckInOccurrenceAsync_Success_ShouldCheckIn threw exception: &#xD;
ApiApplication.Exceptions.ApiException: Chỉ có thể check-in trong khung giờ đã đặt: 12/12/2025 09:11:41 - 12/12/2025 16:26:41 - 12/12/2025 10:26:41</Message>
          <StackTrace>    at ApiApplication.Services.Impl.BookingCourtService.CheckInOccurrenceAsync(CheckInBookingCourtRequest request) in /Users/dotritrong/Desktop/Capstone/Badminton_Court_Management_System/ApiApplication/Services/Impl/BookingCourtService.cs:line 1480
   at Tests.BookingCourtServiceTests.FUNC09_TC01_CheckInOccurrenceAsync_Success_ShouldCheckIn() in /Users/dotritrong/Desktop/Capstone/Badminton_Court_Management_System/Tests/BookingCourtServiceTests.cs:line 540
</StackTrace>
        </ErrorInfo>
      </Output>
    </UnitTestResult>
    <UnitTestResult executionId="725e7cf6-b438-40d7-b376-a014d6d3f5e8" testId="cae09a92-788d-03eb-d11a-4aa142b72247" testName="FUNC14_TC06_CheckoutAsync_BankPayment_ShouldCreatePendingOrder" computerName="PARK-2" duration="00:00:00.0069091" startTime="2025-12-12T23:26:41.7120180+07:00" endTime="2025-12-12T23:26:41.7189570+07:00" testType="13cdc9d9-ddb5-4fa4-a97d-d965ccfc6d4b" outcome="Passed" testListId="8c84fa94-04c1-424b-9868-57a2d4851a1d" relativeResultsDirectory="725e7cf6-b438-40d7-b376-a014d6d3f5e8">
      <Output>
        <StdOut>No QR URL - isCashPayment: False, totalAmount: 0</StdOut>
      </Output>
    </UnitTestResult>
    <UnitTestResult executionId="12eb6ca0-6674-40dc-a34e-449043952022" testId="96898f65-0b77-432c-f4e6-4ad1bac92019" testName="FUNC12_TC01_AddOrderItemAsync_Success_ShouldAddItem" computerName="PARK-2" duration="00:00:00.0410962" startTime="2025-12-12T23:26:41.3362430+07:00" endTime="2025-12-12T23:26:41.3773860+07:00" testType="13cdc9d9-ddb5-4fa4-a97d-d965ccfc6d4b" outcome="Passed" testListId="8c84fa94-04c1-424b-9868-57a2d4851a1d" relativeResultsDirectory="12eb6ca0-6674-40dc-a34e-449043952022" />
    <UnitTestResult executionId="7d9d88f4-a4d3-4023-9812-90bf088f7ad3" testId="3b441e78-5379-1ee1-142a-0e5e599a913f" testName="FUNC07_TC02_UserCreateBookingCourtAsync_NoUserId_ShouldThrowException" computerName="PARK-2" duration="00:00:00.0059090" startTime="2025-12-12T23:26:41.2051660+07:00" endTime="2025-12-12T23:26:41.2111080+07:00" testType="13cdc9d9-ddb5-4fa4-a97d-d965ccfc6d4b" outcome="Passed" testListId="8c84fa94-04c1-424b-9868-57a2d4851a1d" relativeResultsDirectory="7d9d88f4-a4d3-4023-9812-90bf088f7ad3" />
    <UnitTestResult executionId="be58d1d2-e4f3-426b-bcf9-5328f2853d4d" testId="bc07dd5d-8ef2-86b2-4f89-ff5ad3007637" testName="FUNC33_TC04_CompleteAsync_WithItems_ShouldDeductStock" computerName="PARK-2" duration="00:00:00.0095473" startTime="2025-12-12T23:26:42.4766040+07:00" endTime="2025-12-12T23:26:42.4861860+07:00" testType="13cdc9d9-ddb5-4fa4-a97d-d965ccfc6d4b" outcome="Passed" testListId="8c84fa94-04c1-424b-9868-57a2d4851a1d" relativeResultsDirectory="be58d1d2-e4f3-426b-bcf9-5328f2853d4d" />
    <UnitTestResult executionId="18634801-0b11-4e6a-8d4c-67d8fa8f51b6" testId="9de0328d-e1cf-896d-e82b-9a0492e16f79" testName="FUNC20_TC01_UpdateStatusAsync_Success_ShouldUpdateStatus" computerName="PARK-2" duration="00:00:00.0086257" startTime="2025-12-12T23:26:41.5524210+07:00" endTime="2025-12-12T23:26:41.5610840+07:00" testType="13cdc9d9-ddb5-4fa4-a97d-d965ccfc6d4b" outcome="Passed" testListId="8c84fa94-04c1-424b-9868-57a2d4851a1d" relativeResultsDirectory="18634801-0b11-4e6a-8d4c-67d8fa8f51b6" />
    <UnitTestResult executionId="b144ee44-a13c-44a7-ae78-7ef11aa925d2" testId="ecc02493-9938-df81-db13-933bded93a64" testName="FUNC20_TC02_UpdateStatusAsync_MembershipNotFound_ShouldThrowException" computerName="PARK-2" duration="00:00:00.0085991" startTime="2025-12-12T23:26:41.5611080+07:00" endTime="2025-12-12T23:26:41.5697390+07:00" testType="13cdc9d9-ddb5-4fa4-a97d-d965ccfc6d4b" outcome="Passed" testListId="8c84fa94-04c1-424b-9868-57a2d4851a1d" relativeResultsDirectory="b144ee44-a13c-44a7-ae78-7ef11aa925d2" />
    <UnitTestResult executionId="ed079a6c-9061-4129-a4d0-ac00202efe20" testId="6d378325-d3d1-3aaa-ab28-97bd7f9ef47b" testName="FUNC31_TC03_CreateInventoryCardForSaleAsync_ProductNotManageInventory_ShouldThrowException" computerName="PARK-2" duration="00:00:00.0006065" startTime="2025-12-12T23:26:41.4997220+07:00" endTime="2025-12-12T23:26:41.5003520+07:00" testType="13cdc9d9-ddb5-4fa4-a97d-d965ccfc6d4b" outcome="Passed" testListId="8c84fa94-04c1-424b-9868-57a2d4851a1d" relativeResultsDirectory="ed079a6c-9061-4129-a4d0-ac00202efe20" />
    <UnitTestResult executionId="64afc951-8ce2-4fd8-a7c8-138f0bd1ab0c" testId="06d4e5fd-f4ce-9059-304e-7d986a17281e" testName="FUNC34_TC05_CompleteAsync_WithItems_ShouldProcessInventory" computerName="PARK-2" duration="00:00:00.0141878" startTime="2025-12-12T23:26:42.0735260+07:00" endTime="2025-12-12T23:26:42.0877480+07:00" testType="13cdc9d9-ddb5-4fa4-a97d-d965ccfc6d4b" outcome="Passed" testListId="8c84fa94-04c1-424b-9868-57a2d4851a1d" relativeResultsDirectory="64afc951-8ce2-4fd8-a7c8-138f0bd1ab0c" />
    <UnitTestResult executionId="2606b9ac-e476-4e14-a5da-bda5afb0e8f0" testId="77b03395-a055-1973-9ec2-66994a1014eb" testName="FUNC20_TC05_UpdateStatusAsync_FromInactiveToActive_ShouldUpdate" computerName="PARK-2" duration="00:00:00.0089864" startTime="2025-12-12T23:26:41.5834810+07:00" endTime="2025-12-12T23:26:41.5925150+07:00" testType="13cdc9d9-ddb5-4fa4-a97d-d965ccfc6d4b" outcome="Passed" testListId="8c84fa94-04c1-424b-9868-57a2d4851a1d" relativeResultsDirectory="2606b9ac-e476-4e14-a5da-bda5afb0e8f0" />
    <UnitTestResult executionId="53171398-8030-4bcc-8592-ac4f088cc8b9" testId="d0dea76a-a0e6-dd90-1e8c-3396ec036668" testName="FUNC01_TC01_UserRegisterAsync_Success_ShouldCreateUserAndCustomer" computerName="PARK-2" duration="00:00:00.0404777" startTime="2025-12-12T23:26:40.7636590+07:00" endTime="2025-12-12T23:26:40.8043770+07:00" testType="13cdc9d9-ddb5-4fa4-a97d-d965ccfc6d4b" outcome="Failed" testListId="8c84fa94-04c1-424b-9868-57a2d4851a1d" relativeResultsDirectory="53171398-8030-4bcc-8592-ac4f088cc8b9">
      <Output>
        <ErrorInfo>
          <Message>Test method Tests.AuthServiceTests.FUNC01_TC01_UserRegisterAsync_Success_ShouldCreateUserAndCustomer threw exception: &#xD;
System.NullReferenceException: Object reference not set to an instance of an object.</Message>
          <StackTrace>    at ApiApplication.Services.Impl.AuthService.UserRegisterAsync(RegisterRequest registerRequest) in /Users/dotritrong/Desktop/Capstone/Badminton_Court_Management_System/ApiApplication/Services/Impl/AuthService.cs:line 531
   at Tests.AuthServiceTests.FUNC01_TC01_UserRegisterAsync_Success_ShouldCreateUserAndCustomer() in /Users/dotritrong/Desktop/Capstone/Badminton_Court_Management_System/Tests/AuthServiceTests.cs:line 116
</StackTrace>
        </ErrorInfo>
      </Output>
    </UnitTestResult>
    <UnitTestResult executionId="ce8707d0-0aee-45ec-8ae8-ba5501f32ea5" testId="ede2c065-9db6-add5-fca6-b79e952e065c" testName="FUNC34_TC01_CompleteAsync_Success_ShouldUpdateStatus" computerName="PARK-2" duration="00:00:00.0366987" startTime="2025-12-12T23:26:42.0341180+07:00" endTime="2025-12-12T23:26:42.0708950+07:00" testType="13cdc9d9-ddb5-4fa4-a97d-d965ccfc6d4b" outcome="Passed" testListId="8c84fa94-04c1-424b-9868-57a2d4851a1d" relativeResultsDirectory="ce8707d0-0aee-45ec-8ae8-ba5501f32ea5" />
    <UnitTestResult executionId="626a5409-881a-4667-928c-d4770394019f" testId="411d7012-6b16-f581-b237-e7134b9eee46" testName="FUNC19_TC01_CreateAsync_Success_ShouldCreateMembership" computerName="PARK-2" duration="00:00:00.0164472" startTime="2025-12-12T23:26:41.5048090+07:00" endTime="2025-12-12T23:26:41.5213210+07:00" testType="13cdc9d9-ddb5-4fa4-a97d-d965ccfc6d4b" outcome="Passed" testListId="8c84fa94-04c1-424b-9868-57a2d4851a1d" relativeResultsDirectory="626a5409-881a-4667-928c-d4770394019f" />
    <UnitTestResult executionId="66346c91-1fcb-40a5-bd1f-c8b6a7e4648c" testId="c49253a4-20d2-1b10-0aa5-1688fe6665ef" testName="FUNC26_TC03_RemoveStaffFromShiftAsync_WithAttendanceNotYet_ShouldAllowRemoval" computerName="PARK-2" duration="00:00:00.0078417" startTime="2025-12-12T23:26:42.1835940+07:00" endTime="2025-12-12T23:26:42.1914820+07:00" testType="13cdc9d9-ddb5-4fa4-a97d-d965ccfc6d4b" outcome="Passed" testListId="8c84fa94-04c1-424b-9868-57a2d4851a1d" relativeResultsDirectory="66346c91-1fcb-40a5-bd1f-c8b6a7e4648c" />
    <UnitTestResult executionId="5f2760ee-25bb-403b-9e4b-db934a043106" testId="ff0bb062-30fd-b29e-8889-3092f471d9c1" testName="FUNC16_TC05_CreatePaymentForOrderAsync_WithNote_ShouldSaveNote" computerName="PARK-2" duration="00:00:00.0095500" startTime="2025-12-12T23:26:41.9153620+07:00" endTime="2025-12-12T23:26:41.9249790+07:00" testType="13cdc9d9-ddb5-4fa4-a97d-d965ccfc6d4b" outcome="Passed" testListId="8c84fa94-04c1-424b-9868-57a2d4851a1d" relativeResultsDirectory="5f2760ee-25bb-403b-9e4b-db934a043106" />
    <UnitTestResult executionId="982b4096-57af-415a-adc1-6a18a88262ac" testId="e43fc7d2-8329-d777-0391-2f7ebddde98c" testName="FUNC14_TC05_CheckoutAsync_InvalidVoucher_ShouldThrowException" computerName="PARK-2" duration="00:00:00.0071244" startTime="2025-12-12T23:26:41.7048450+07:00" endTime="2025-12-12T23:26:41.7120020+07:00" testType="13cdc9d9-ddb5-4fa4-a97d-d965ccfc6d4b" outcome="Passed" testListId="8c84fa94-04c1-424b-9868-57a2d4851a1d" relativeResultsDirectory="982b4096-57af-415a-adc1-6a18a88262ac" />
    <UnitTestResult executionId="6313c1c2-4c06-43ad-9e05-d0f1d8e05762" testId="40640a6e-02de-2b26-ae9b-5dc441796103" testName="FUNC13_TC01_UpdateOrderItemAsync_Success_ShouldUpdateItem" computerName="PARK-2" duration="00:00:00.0090595" startTime="2025-12-12T23:26:41.4008270+07:00" endTime="2025-12-12T23:26:41.4099160+07:00" testType="13cdc9d9-ddb5-4fa4-a97d-d965ccfc6d4b" outcome="Passed" testListId="8c84fa94-04c1-424b-9868-57a2d4851a1d" relativeResultsDirectory="6313c1c2-4c06-43ad-9e05-d0f1d8e05762" />
    <UnitTestResult executionId="41b320ce-a019-40f1-b01a-7f1cc751bbe4" testId="0f46c826-93e9-fddc-0d6b-472c2401e880" testName="FUNC15_TC03_ExtendPaymentTimeAsync_OrderNotCancelled_ShouldThrowException" computerName="PARK-2" duration="00:00:00.0067361" startTime="2025-12-12T23:26:41.7772390+07:00" endTime="2025-12-12T23:26:41.7840120+07:00" testType="13cdc9d9-ddb5-4fa4-a97d-d965ccfc6d4b" outcome="Passed" testListId="8c84fa94-04c1-424b-9868-57a2d4851a1d" relativeResultsDirectory="41b320ce-a019-40f1-b01a-7f1cc751bbe4" />
    <UnitTestResult executionId="d709e852-3012-4f2a-83f7-a6fbdda204a3" testId="d1da5587-3434-783d-69a1-a5f9be2eb491" testName="FUNC33_TC02_CompleteAsync_StockOutNotFound_ShouldThrowException" computerName="PARK-2" duration="00:00:00.0067325" startTime="2025-12-12T23:26:42.4636220+07:00" endTime="2025-12-12T23:26:42.4704010+07:00" testType="13cdc9d9-ddb5-4fa4-a97d-d965ccfc6d4b" outcome="Passed" testListId="8c84fa94-04c1-424b-9868-57a2d4851a1d" relativeResultsDirectory="d709e852-3012-4f2a-83f7-a6fbdda204a3" />
    <UnitTestResult executionId="a8982438-4bad-4e96-bb58-7220bd4a227d" testId="a7be4be0-2034-8b0b-f24b-53eafffe0454" testName="FUNC24_TC03_ChangeStaffStatusAsync_ActivateStaff_ShouldSetActive" computerName="PARK-2" duration="00:00:00.0084319" startTime="2025-12-12T23:26:42.4204160+07:00" endTime="2025-12-12T23:26:42.4288790+07:00" testType="13cdc9d9-ddb5-4fa4-a97d-d965ccfc6d4b" outcome="Passed" testListId="8c84fa94-04c1-424b-9868-57a2d4851a1d" relativeResultsDirectory="a8982438-4bad-4e96-bb58-7220bd4a227d" />
    <UnitTestResult executionId="7540156f-690c-4333-9b5b-f5909df0c063" testId="170ded92-75a8-1dd4-93fa-796a33affb9c" testName="FUNC02_TC02_LoginAsync_InvalidCredentials_ShouldThrowException" computerName="PARK-2" duration="00:00:00.0067420" startTime="2025-12-12T23:26:40.9136800+07:00" endTime="2025-12-12T23:26:40.9204640+07:00" testType="13cdc9d9-ddb5-4fa4-a97d-d965ccfc6d4b" outcome="Passed" testListId="8c84fa94-04c1-424b-9868-57a2d4851a1d" relativeResultsDirectory="7540156f-690c-4333-9b5b-f5909df0c063" />
    <UnitTestResult executionId="779ec8f1-e432-4031-b123-8b62fc7298ae" testId="fdcf851c-5f50-8c4f-edd2-fbf4639e194d" testName="FUNC05_TC01_VerifyEmailAsync_Success_ShouldConfirmEmailAndCreateCustomer" computerName="PARK-2" duration="00:00:00.0493042" startTime="2025-12-12T23:26:41.0202110+07:00" endTime="2025-12-12T23:26:41.0695560+07:00" testType="13cdc9d9-ddb5-4fa4-a97d-d965ccfc6d4b" outcome="Passed" testListId="8c84fa94-04c1-424b-9868-57a2d4851a1d" relativeResultsDirectory="779ec8f1-e432-4031-b123-8b62fc7298ae" />
    <UnitTestResult executionId="06854122-b3e5-42b7-825b-5b3e92b2824b" testId="eacdab2e-136a-563b-f27a-2d426531ef35" testName="FUNC04_TC02_ForgotPasswordAsync_EmailNotFound_ShouldThrowException" computerName="PARK-2" duration="00:00:00.0089957" startTime="2025-12-12T23:26:41.0041290+07:00" endTime="2025-12-12T23:26:41.0131560+07:00" testType="13cdc9d9-ddb5-4fa4-a97d-d965ccfc6d4b" outcome="Passed" testListId="8c84fa94-04c1-424b-9868-57a2d4851a1d" relativeResultsDirectory="06854122-b3e5-42b7-825b-5b3e92b2824b" />
    <UnitTestResult executionId="ee60f22b-54f7-4d73-b1c5-6f64c5fcd6b5" testId="4d1ae668-e1f6-199b-28bb-49f0e6810ee8" testName="FUNC24_TC02_ChangeStaffStatusAsync_StaffNotFound_ShouldThrowException" computerName="PARK-2" duration="00:00:00.0082408" startTime="2025-12-12T23:26:42.4121240+07:00" endTime="2025-12-12T23:26:42.4203980+07:00" testType="13cdc9d9-ddb5-4fa4-a97d-d965ccfc6d4b" outcome="Passed" testListId="8c84fa94-04c1-424b-9868-57a2d4851a1d" relativeResultsDirectory="ee60f22b-54f7-4d73-b1c5-6f64c5fcd6b5" />
    <UnitTestResult executionId="16d02aa7-e450-47e6-a774-166a522ad1f5" testId="d87cef52-dd44-63bb-efaa-05de0a61d4d5" testName="FUNC23_TC01_CreateStaffAsync_Success_ShouldCreateStaff" computerName="PARK-2" duration="00:00:00.0164055" startTime="2025-12-12T23:26:42.3451900+07:00" endTime="2025-12-12T23:26:42.3616810+07:00" testType="13cdc9d9-ddb5-4fa4-a97d-d965ccfc6d4b" outcome="Passed" testListId="8c84fa94-04c1-424b-9868-57a2d4851a1d" relativeResultsDirectory="16d02aa7-e450-47e6-a774-166a522ad1f5" />
    <UnitTestResult executionId="120a5494-4580-40db-a3c4-9aff46df0436" testId="1fbb6330-8720-b57e-301d-0bd568e1ddcc" testName="FUNC23_TC03_CreateStaffAsync_DuplicateIdentificationNumber_ShouldThrowException" computerName="PARK-2" duration="00:00:00.0100712" startTime="2025-12-12T23:26:42.3676830+07:00" endTime="2025-12-12T23:26:42.3777900+07:00" testType="13cdc9d9-ddb5-4fa4-a97d-d965ccfc6d4b" outcome="Passed" testListId="8c84fa94-04c1-424b-9868-57a2d4851a1d" relativeResultsDirectory="120a5494-4580-40db-a3c4-9aff46df0436" />
    <UnitTestResult executionId="4dbd98dc-9615-469e-910e-5839a06251c8" testId="c77cee30-ddf8-116d-b08a-5339c3dcb8ed" testName="FUNC19_TC05_CreateAsync_WithLongDuration_ShouldCreate" computerName="PARK-2" duration="00:00:00.0093914" startTime="2025-12-12T23:26:41.5429680+07:00" endTime="2025-12-12T23:26:41.5523960+07:00" testType="13cdc9d9-ddb5-4fa4-a97d-d965ccfc6d4b" outcome="Passed" testListId="8c84fa94-04c1-424b-9868-57a2d4851a1d" relativeResultsDirectory="4dbd98dc-9615-469e-910e-5839a06251c8" />
    <UnitTestResult executionId="35b393b8-bc69-460d-942e-efaea052ad88" testId="d21247db-f4fe-57c0-0efa-de1398f9e118" testName="FUNC39_TC01_UpdateWebDisplayAsync_Success_ShouldUpdateIsDisplayOnWeb" computerName="PARK-2" duration="00:00:00.0103080" startTime="2025-12-12T23:26:42.0073680+07:00" endTime="2025-12-12T23:26:42.0177470+07:00" testType="13cdc9d9-ddb5-4fa4-a97d-d965ccfc6d4b" outcome="Passed" testListId="8c84fa94-04c1-424b-9868-57a2d4851a1d" relativeResultsDirectory="35b393b8-bc69-460d-942e-efaea052ad88" />
    <UnitTestResult executionId="995f372e-52c4-4286-bde6-4cbdc05caea7" testId="8de6f5d4-af7e-951f-7559-c699bfce90ac" testName="FUNC21_TC01_CreateForCurrentUserAsync_Success_ShouldCreateMembership" computerName="PARK-2" duration="00:00:00.0202967" startTime="2025-12-12T23:26:42.4862070+07:00" endTime="2025-12-12T23:26:42.5065770+07:00" testType="13cdc9d9-ddb5-4fa4-a97d-d965ccfc6d4b" outcome="Failed" testListId="8c84fa94-04c1-424b-9868-57a2d4851a1d" relativeResultsDirectory="995f372e-52c4-4286-bde6-4cbdc05caea7">
      <Output>
        <ErrorInfo>
          <Message>Test method Tests.UserMembershipServiceTests.FUNC21_TC01_CreateForCurrentUserAsync_Success_ShouldCreateMembership threw exception: &#xD;
System.NullReferenceException: Object reference not set to an instance of an object.</Message>
          <StackTrace>    at Microsoft.Extensions.Configuration.ConfigurationBinder.GetValue(IConfiguration configuration, Type type, String key, Object defaultValue)
   at Microsoft.Extensions.Configuration.ConfigurationBinder.GetValue[T](IConfiguration configuration, String key, T defaultValue)
   at Microsoft.Extensions.Configuration.ConfigurationBinder.GetValue[T](IConfiguration configuration, String key)
   at ApiApplication.Services.Impl.UserMembershipService.CreateAsync(CreateUserMembershipRequest request) in /Users/dotritrong/Desktop/Capstone/Badminton_Court_Management_System/ApiApplication/Services/Impl/UserMembershipService.cs:line 195
   at ApiApplication.Services.Impl.UserMembershipService.CreateForCurrentUserAsync(CreateUserMembershipForCurrentUserRequest request) in /Users/dotritrong/Desktop/Capstone/Badminton_Court_Management_System/ApiApplication/Services/Impl/UserMembershipService.cs:line 249
   at Tests.UserMembershipServiceTests.FUNC21_TC01_CreateForCurrentUserAsync_Success_ShouldCreateMembership() in /Users/dotritrong/Desktop/Capstone/Badminton_Court_Management_System/Tests/UserMembershipServiceTests.cs:line 157
</StackTrace>
        </ErrorInfo>
      </Output>
    </UnitTestResult>
    <UnitTestResult executionId="313e7093-530e-4a20-81c5-c90b5538f936" testId="09fb417e-9bc9-cf7c-7c22-0bf5bd41341a" testName="FUNC22_TC01_ExtendPaymentAsync_Success_ShouldExtendPayment" computerName="PARK-2" duration="00:00:00.0140214" startTime="2025-12-12T23:26:42.5484710+07:00" endTime="2025-12-12T23:26:42.5625350+07:00" testType="13cdc9d9-ddb5-4fa4-a97d-d965ccfc6d4b" outcome="Failed" testListId="8c84fa94-04c1-424b-9868-57a2d4851a1d" relativeResultsDirectory="313e7093-530e-4a20-81c5-c90b5538f936">
      <Output>
        <ErrorInfo>
          <Message>Test method Tests.UserMembershipServiceTests.FUNC22_TC01_ExtendPaymentAsync_Success_ShouldExtendPayment threw exception: &#xD;
System.NullReferenceException: Object reference not set to an instance of an object.</Message>
          <StackTrace>    at Microsoft.Extensions.Configuration.ConfigurationBinder.GetValue(IConfiguration configuration, Type type, String key, Object defaultValue)
   at Microsoft.Extensions.Configuration.ConfigurationBinder.GetValue[T](IConfiguration configuration, String key, T defaultValue)
   at Microsoft.Extensions.Configuration.ConfigurationBinder.GetValue[T](IConfiguration configuration, String key)
   at ApiApplication.Services.Impl.UserMembershipService.ExtendPaymentAsync(ExtendPaymentRequest request) in /Users/dotritrong/Desktop/Capstone/Badminton_Court_Management_System/ApiApplication/Services/Impl/UserMembershipService.cs:line 313
   at Tests.UserMembershipServiceTests.FUNC22_TC01_ExtendPaymentAsync_Success_ShouldExtendPayment() in /Users/dotritrong/Desktop/Capstone/Badminton_Court_Management_System/Tests/UserMembershipServiceTests.cs:line 309
</StackTrace>
        </ErrorInfo>
      </Output>
    </UnitTestResult>
    <UnitTestResult executionId="91c60c65-0018-4a6f-9967-5cc80d95b59e" testId="2dbe68c7-c763-6ff4-e491-d79b7ab4e2d3" testName="FUNC21_TC06_CreateForCurrentUserAsync_ExistingUnexpiredMembership_ShouldThrowException" computerName="PARK-2" duration="00:00:00.0074686" startTime="2025-12-12T23:26:42.5409290+07:00" endTime="2025-12-12T23:26:42.5484480+07:00" testType="13cdc9d9-ddb5-4fa4-a97d-d965ccfc6d4b" outcome="Passed" testListId="8c84fa94-04c1-424b-9868-57a2d4851a1d" relativeResultsDirectory="91c60c65-0018-4a6f-9967-5cc80d95b59e" />
    <UnitTestResult executionId="da9715b1-ef46-41d3-87f7-893538ac1bcc" testId="704f8648-141d-1706-5e19-a728e01c62ce" testName="FUNC31_TC05_CreateInventoryCardForSaleAsync_InsufficientStock_ShouldThrowException" computerName="PARK-2" duration="00:00:00.0005755" startTime="2025-12-12T23:26:41.5009490+07:00" endTime="2025-12-12T23:26:41.5015460+07:00" testType="13cdc9d9-ddb5-4fa4-a97d-d965ccfc6d4b" outcome="Passed" testListId="8c84fa94-04c1-424b-9868-57a2d4851a1d" relativeResultsDirectory="da9715b1-ef46-41d3-87f7-893538ac1bcc" />
    <UnitTestResult executionId="e499a910-daa4-4af6-ac17-296a85b8d651" testId="9f9cb622-b389-c02c-5076-896841ab7fe3" testName="FUNC01_TC05_UserRegisterAsync_WithOptionalFields_ShouldCreateUserSuccessfully" computerName="PARK-2" duration="00:00:00.0073125" startTime="2025-12-12T23:26:40.8676610+07:00" endTime="2025-12-12T23:26:40.8750100+07:00" testType="13cdc9d9-ddb5-4fa4-a97d-d965ccfc6d4b" outcome="Failed" testListId="8c84fa94-04c1-424b-9868-57a2d4851a1d" relativeResultsDirectory="e499a910-daa4-4af6-ac17-296a85b8d651">
      <Output>
        <ErrorInfo>
          <Message>Test method Tests.AuthServiceTests.FUNC01_TC05_UserRegisterAsync_WithOptionalFields_ShouldCreateUserSuccessfully threw exception: &#xD;
System.NullReferenceException: Object reference not set to an instance of an object.</Message>
          <StackTrace>    at ApiApplication.Services.Impl.AuthService.UserRegisterAsync(RegisterRequest registerRequest) in /Users/dotritrong/Desktop/Capstone/Badminton_Court_Management_System/ApiApplication/Services/Impl/AuthService.cs:line 531
   at Tests.AuthServiceTests.FUNC01_TC05_UserRegisterAsync_WithOptionalFields_ShouldCreateUserSuccessfully() in /Users/dotritrong/Desktop/Capstone/Badminton_Court_Management_System/Tests/AuthServiceTests.cs:line 237
</StackTrace>
        </ErrorInfo>
      </Output>
    </UnitTestResult>
    <UnitTestResult executionId="dd77ffba-e33c-40ab-b92d-5f9c4edf1618" testId="83cd0c62-8c7f-0305-7d3d-813b943b3a22" testName="FUNC19_TC04_CreateAsync_WithZeroPrice_ShouldCreate" computerName="PARK-2" duration="00:00:00.0064396" startTime="2025-12-12T23:26:41.5364670+07:00" endTime="2025-12-12T23:26:41.5429440+07:00" testType="13cdc9d9-ddb5-4fa4-a97d-d965ccfc6d4b" outcome="Passed" testListId="8c84fa94-04c1-424b-9868-57a2d4851a1d" relativeResultsDirectory="dd77ffba-e33c-40ab-b92d-5f9c4edf1618" />
    <UnitTestResult executionId="3a68de51-e842-48a2-96cd-5e160cee0810" testId="0bf64a52-791e-344d-45c0-dd201f82081d" testName="FUNC01_TC03_UserRegisterAsync_UserNameExists_ShouldThrowException" computerName="PARK-2" duration="00:00:00.0070139" startTime="2025-12-12T23:26:40.8483230+07:00" endTime="2025-12-12T23:26:40.8553970+07:00" testType="13cdc9d9-ddb5-4fa4-a97d-d965ccfc6d4b" outcome="Passed" testListId="8c84fa94-04c1-424b-9868-57a2d4851a1d" relativeResultsDirectory="3a68de51-e842-48a2-96cd-5e160cee0810" />
    <UnitTestResult executionId="53812820-afac-47ff-b9bf-f1dc757c96cb" testId="1a30a7c3-c3c0-dec4-0219-bea2a7810c1e" testName="FUNC39_TC02_UpdateWebDisplayAsync_SetToFalse_ShouldUpdateIsDisplayOnWeb" computerName="PARK-2" duration="00:00:00.0095748" startTime="2025-12-12T23:26:42.0181750+07:00" endTime="2025-12-12T23:26:42.0277930+07:00" testType="13cdc9d9-ddb5-4fa4-a97d-d965ccfc6d4b" outcome="Passed" testListId="8c84fa94-04c1-424b-9868-57a2d4851a1d" relativeResultsDirectory="53812820-afac-47ff-b9bf-f1dc757c96cb" />
    <UnitTestResult executionId="f3bd01bb-846d-4057-b440-693465351c71" testId="a2025bcc-9ce5-39ae-1fc9-515f31dc57a5" testName="FUNC18_TC05_RecordVoucherUsageAsync_WithZeroDiscount_ShouldStillRecord" computerName="PARK-2" duration="00:00:00.0089251" startTime="2025-12-12T23:26:42.7140590+07:00" endTime="2025-12-12T23:26:42.7230210+07:00" testType="13cdc9d9-ddb5-4fa4-a97d-d965ccfc6d4b" outcome="Passed" testListId="8c84fa94-04c1-424b-9868-57a2d4851a1d" relativeResultsDirectory="f3bd01bb-846d-4057-b440-693465351c71" />
    <UnitTestResult executionId="9c812a67-24b1-448a-b596-3acd763d823f" testId="d584db97-7161-5c34-7630-44dd8ba0cbd9" testName="FUNC17_TC04_ValidateAndCalculateDiscountAsync_OrderAmountBelowMin_ShouldReturnInvalid" computerName="PARK-2" duration="00:00:00.0067252" startTime="2025-12-12T23:26:42.6327010+07:00" endTime="2025-12-12T23:26:42.6394610+07:00" testType="13cdc9d9-ddb5-4fa4-a97d-d965ccfc6d4b" outcome="Passed" testListId="8c84fa94-04c1-424b-9868-57a2d4851a1d" relativeResultsDirectory="9c812a67-24b1-448a-b596-3acd763d823f" />
    <UnitTestResult executionId="329473fc-2c07-4bf3-bb87-c2d4deb95463" testId="669d3a0e-5bee-5463-463a-10e4f05e31a7" testName="FUNC04_TC01_ForgotPasswordAsync_Success_ShouldCreateResetToken" computerName="PARK-2" duration="00:00:00.0087685" startTime="2025-12-12T23:26:40.9953090+07:00" endTime="2025-12-12T23:26:41.0041100+07:00" testType="13cdc9d9-ddb5-4fa4-a97d-d965ccfc6d4b" outcome="Passed" testListId="8c84fa94-04c1-424b-9868-57a2d4851a1d" relativeResultsDirectory="329473fc-2c07-4bf3-bb87-c2d4deb95463" />
    <UnitTestResult executionId="1be5ae7e-bfa8-4879-8f67-e17c2a018776" testId="e96430d2-3f0c-6824-3f4d-7e6d1daff87a" testName="FUNC17_TC05_ValidateAndCalculateDiscountAsync_VoucherExpired_ShouldReturnInvalid" computerName="PARK-2" duration="00:00:00.0084997" startTime="2025-12-12T23:26:42.6394790+07:00" endTime="2025-12-12T23:26:42.6480100+07:00" testType="13cdc9d9-ddb5-4fa4-a97d-d965ccfc6d4b" outcome="Passed" testListId="8c84fa94-04c1-424b-9868-57a2d4851a1d" relativeResultsDirectory="1be5ae7e-bfa8-4879-8f67-e17c2a018776" />
    <UnitTestResult executionId="4de89138-c1a9-4aff-b0f7-8f4d05e8e84c" testId="7a6425dc-64e6-d038-11f1-44939ceff969" testName="FUNC16_TC01_CreatePaymentForOrderAsync_Success_ShouldCreatePayment" computerName="PARK-2" duration="00:00:00.0655985" startTime="2025-12-12T23:26:41.8025040+07:00" endTime="2025-12-12T23:26:41.8681840+07:00" testType="13cdc9d9-ddb5-4fa4-a97d-d965ccfc6d4b" outcome="Passed" testListId="8c84fa94-04c1-424b-9868-57a2d4851a1d" relativeResultsDirectory="4de89138-c1a9-4aff-b0f7-8f4d05e8e84c" />
    <UnitTestResult executionId="3c17cc98-6612-4fb8-ab8b-cccd071ddcd3" testId="e55b1c61-1eda-eb59-b93a-8f38cd1a42a1" testName="FUNC06_TC01_CreateBookingCourtAsync_Success_ShouldCreateBooking" computerName="PARK-2" duration="00:00:00.0373030" startTime="2025-12-12T23:26:41.1079200+07:00" endTime="2025-12-12T23:26:41.1453160+07:00" testType="13cdc9d9-ddb5-4fa4-a97d-d965ccfc6d4b" outcome="Failed" testListId="8c84fa94-04c1-424b-9868-57a2d4851a1d" relativeResultsDirectory="3c17cc98-6612-4fb8-ab8b-cccd071ddcd3">
      <Output>
        <ErrorInfo>
          <Message>Test method Tests.BookingCourtServiceTests.FUNC06_TC01_CreateBookingCourtAsync_Success_ShouldCreateBooking threw exception: &#xD;
ApiApplication.Exceptions.ApiException: Booking vãng lai phải có StartDate = EndDate và DayOfWeek = null.</Message>
          <StackTrace>    at ApiApplication.Services.Impl.BookingCourtService.CreateBookingCourtAsync(CreateBookingCourtRequest request) in /Users/dotritrong/Desktop/Capstone/Badminton_Court_Management_System/ApiApplication/Services/Impl/BookingCourtService.cs:line 96
   at Tests.BookingCourtServiceTests.FUNC06_TC01_CreateBookingCourtAsync_Success_ShouldCreateBooking() in /Users/dotritrong/Desktop/Capstone/Badminton_Court_Management_System/Tests/BookingCourtServiceTests.cs:line 191
</StackTrace>
        </ErrorInfo>
      </Output>
    </UnitTestResult>
    <UnitTestResult executionId="1acd21c1-e9c7-4b9a-8f60-116b7a956235" testId="bf2d4879-d4fb-80ba-09e1-2268504ed342" testName="FUNC24_TC04_ChangeStaffStatusAsync_DeactivateStaff_ShouldSetInactive" computerName="PARK-2" duration="00:00:00.0058022" startTime="2025-12-12T23:26:42.4292940+07:00" endTime="2025-12-12T23:26:42.4351320+07:00" testType="13cdc9d9-ddb5-4fa4-a97d-d965ccfc6d4b" outcome="Passed" testListId="8c84fa94-04c1-424b-9868-57a2d4851a1d" relativeResultsDirectory="1acd21c1-e9c7-4b9a-8f60-116b7a956235" />
    <UnitTestResult executionId="cedfa0ff-f303-40c4-a818-3e0cc1fdfc66" testId="7f5598d3-8bdd-badd-93ac-cc19f26cf33e" testName="FUNC31_TC04_CreateInventoryCardForSaleAsync_UpdateProductStockFalse_ShouldNotDeductStock" computerName="PARK-2" duration="00:00:00.0005532" startTime="2025-12-12T23:26:41.5003620+07:00" endTime="2025-12-12T23:26:41.5009370+07:00" testType="13cdc9d9-ddb5-4fa4-a97d-d965ccfc6d4b" outcome="Passed" testListId="8c84fa94-04c1-424b-9868-57a2d4851a1d" relativeResultsDirectory="cedfa0ff-f303-40c4-a818-3e0cc1fdfc66" />
    <UnitTestResult executionId="53e5be36-dfc0-41b1-aea8-22827893c2c8" testId="a2caf377-fe5f-eee2-fa0c-4c092632f10e" testName="FUNC28_TC01_DeleteShiftAsync_Success_ShouldDeleteShift" computerName="PARK-2" duration="00:00:00.0134626" startTime="2025-12-12T23:26:42.3154060+07:00" endTime="2025-12-12T23:26:42.3288980+07:00" testType="13cdc9d9-ddb5-4fa4-a97d-d965ccfc6d4b" outcome="Passed" testListId="8c84fa94-04c1-424b-9868-57a2d4851a1d" relativeResultsDirectory="53e5be36-dfc0-41b1-aea8-22827893c2c8" />
[...]
    <TestEntry testId="3358988f-5092-b0e0-a6b4-c1fe9139d3f6" executionId="c30fae6c-3ecd-4130-8683-c838857393f3" testListId="8c84fa94-04c1-424b-9868-57a2d4851a1d" />
    <TestEntry testId="bff47c25-00b8-e9bc-1e25-9564fb8316d7" executionId="7f9b7722-cfec-4468-acec-77338aedd566" testListId="8c84fa94-04c1-424b-9868-57a2d4851a1d" />
    <TestEntry testId="397b2531-83ac-4fe1-a30b-5ac1efd519d2" executionId="38477d78-a18c-4551-8dd3-342c67781531" testListId="8c84fa94-04c1-424b-9868-57a2d4851a1d" />
    <TestEntry testId="f761102c-e803-8549-3124-a517debd8205" executionId="f4d2c75b-6d3f-4952-a4b1-4f44a6350b7b" testListId="8c84fa94-04c1-424b-9868-57a2d4851a1d" />
    <TestEntry testId="c7794c6f-95b7-f11d-95cc-e28b50bf07e1" executionId="27878b61-ef52-450f-945c-293117c57ae9" testListId="8c84fa94-04c1-424b-9868-57a2d4851a1d" />
    <TestEntry testId="f59cdbe6-cd80-b3ca-7fe7-0298288e59ec" executionId="a6bca8eb-c14f-4036-9b46-0ea2c375e2d2" testListId="8c84fa94-04c1-424b-9868-57a2d4851a1d" />
    <TestEntry testId="1ac5eb84-ccf5-233a-8495-9e523dc927a3" executionId="4b3553f7-1460-4c02-8aaf-84c0e7db56cb" testListId="8c84fa94-04c1-424b-9868-57a2d4851a1d" />
    <TestEntry testId="51c2e8e1-04af-50f1-e476-7e023ef5a20a" executionId="485aabbe-20b2-495a-a3a7-c02df28f4157" testListId="8c84fa94-04c1-424b-9868-57a2d4851a1d" />
    <TestEntry testId="811aa271-0ff0-4a38-3617-e966997ba196" executionId="230c2892-30d6-46b5-8dba-48d8ea428476" testListId="8c84fa94-04c1-424b-9868-57a2d4851a1d" />
    <TestEntry testId="771d65b9-d91c-e25a-16a7-c1123f1fc59a" executionId="65e00344-93e3-440a-845e-5d7c45bfcdd1" testListId="8c84fa94-04c1-424b-9868-57a2d4851a1d" />
    <TestEntry testId="5d033c06-03ee-72d9-a6e5-b4a54834d85c" executionId="795cc872-5d44-41f8-8948-0137ddc2a0de" testListId="8c84fa94-04c1-424b-9868-57a2d4851a1d" />
    <TestEntry testId="c6536b12-7a6a-6613-9eea-22a479d31638" executionId="c0ecda05-1180-426b-9dec-9b94e85805ec" testListId="8c84fa94-04c1-424b-9868-57a2d4851a1d" />
    <TestEntry testId="e7c82bae-e189-feea-f4ad-6992292e40c8" executionId="36022ece-34ff-4aef-95ad-1edfe8c4a07c" testListId="8c84fa94-04c1-424b-9868-57a2d4851a1d" />
    <TestEntry testId="4c49d0f5-0aa8-4ecf-207a-e3c29cb7228c" executionId="34036af6-1cfe-4da5-ba40-c53e38abb013" testListId="8c84fa94-04c1-424b-9868-57a2d4851a1d" />
    <TestEntry testId="f7d56908-cc77-e812-7489-7f5183f26ae3" executionId="1cca0715-2c13-4be6-abf8-f85d716ffd47" testListId="8c84fa94-04c1-424b-9868-57a2d4851a1d" />
    <TestEntry testId="e1edbdd9-520c-008d-3e23-48e5937fe8a0" executionId="5834992d-11f8-4633-901e-97d4b1f633d7" testListId="8c84fa94-04c1-424b-9868-57a2d4851a1d" />
    <TestEntry testId="b88c49f8-bcd0-550b-6dad-bd38c9ab497f" executionId="07208ae1-3a59-495a-8037-70476b490202" testListId="8c84fa94-04c1-424b-9868-57a2d4851a1d" />
    <TestEntry testId="cb1ff9cc-2c04-bda4-efb6-931f4b75cebb" executionId="bc3db39e-6b2c-4411-8345-40ab0327e719" testListId="8c84fa94-04c1-424b-9868-57a2d4851a1d" />
    <TestEntry testId="50cd8521-8eed-f90d-f715-cfa682c087e2" executionId="f0afa87d-729e-4360-898f-c240b4d51124" testListId="8c84fa94-04c1-424b-9868-57a2d4851a1d" />
    <TestEntry testId="a673ce52-0d22-7535-1c35-03542f70f20c" executionId="58437d52-2bf6-4ee2-915c-08bbb5edfc9f" testListId="8c84fa94-04c1-424b-9868-57a2d4851a1d" />
    <TestEntry testId="3e86db1b-94b6-4468-c6b4-37c892d73ff9" executionId="8e8d0409-9f7e-4989-8e47-8aa3e1a48fa2" testListId="8c84fa94-04c1-424b-9868-57a2d4851a1d" />
    <TestEntry testId="c54ab35a-685e-eab7-c27f-bf73da9fbee0" executionId="dd899031-400c-45a3-b1d8-37b5625f73a3" testListId="8c84fa94-04c1-424b-9868-57a2d4851a1d" />
    <TestEntry testId="a11bc082-0e18-fa13-c276-d7a6fd5c7e01" executionId="080b2884-90c0-4ffc-b3b8-21709bdf9f72" testListId="8c84fa94-04c1-424b-9868-57a2d4851a1d" />
    <TestEntry testId="c08255c5-afaa-4309-2393-bcfd139a2829" executionId="699e16c7-c63d-4b84-a975-2014cf94d3f4" testListId="8c84fa94-04c1-424b-9868-57a2d4851a1d" />
    <TestEntry testId="7e9604d8-4019-f7c7-0b78-74f3e24b73ad" executionId="fcc155e3-5a69-48d8-addd-93ebf1991f9c" testListId="8c84fa94-04c1-424b-9868-57a2d4851a1d" />
    <TestEntry testId="d3b8eaf0-5000-a67b-2f84-80f25bc8c1c5" executionId="26222028-eeae-41d5-86c4-27eef914a05c" testListId="8c84fa94-04c1-424b-9868-57a2d4851a1d" />
    <TestEntry testId="198167f3-4ace-24aa-660c-f5e2585a31c1" executionId="ea0df27c-a581-4f46-9499-d146c3aa5283" testListId="8c84fa94-04c1-424b-9868-57a2d4851a1d" />
    <TestEntry testId="cae09a92-788d-03eb-d11a-4aa142b72247" executionId="725e7cf6-b438-40d7-b376-a014d6d3f5e8" testListId="8c84fa94-04c1-424b-9868-57a2d4851a1d" />
    <TestEntry testId="96898f65-0b77-432c-f4e6-4ad1bac92019" executionId="12eb6ca0-6674-40dc-a34e-449043952022" testListId="8c84fa94-04c1-424b-9868-57a2d4851a1d" />
    <TestEntry testId="3b441e78-5379-1ee1-142a-0e5e599a913f" executionId="7d9d88f4-a4d3-4023-9812-90bf088f7ad3" testListId="8c84fa94-04c1-424b-9868-57a2d4851a1d" />
    <TestEntry testId="bc07dd5d-8ef2-86b2-4f89-ff5ad3007637" executionId="be58d1d2-e4f3-426b-bcf9-5328f2853d4d" testListId="8c84fa94-04c1-424b-9868-57a2d4851a1d" />
    <TestEntry testId="9de0328d-e1cf-896d-e82b-9a0492e16f79" executionId="18634801-0b11-4e6a-8d4c-67d8fa8f51b6" testListId="8c84fa94-04c1-424b-9868-57a2d4851a1d" />
    <TestEntry testId="ecc02493-9938-df81-db13-933bded93a64" executionId="b144ee44-a13c-44a7-ae78-7ef11aa925d2" testListId="8c84fa94-04c1-424b-9868-57a2d4851a1d" />
    <TestEntry testId="6d378325-d3d1-3aaa-ab28-97bd7f9ef47b" executionId="ed079a6c-9061-4129-a4d0-ac00202efe20" testListId="8c84fa94-04c1-424b-9868-57a2d4851a1d" />
    <TestEntry testId="06d4e5fd-f4ce-9059-304e-7d986a17281e" executionId="64afc951-8ce2-4fd8-a7c8-138f0bd1ab0c" testListId="8c84fa94-04c1-424b-9868-57a2d4851a1d" />
    <TestEntry testId="77b03395-a055-1973-9ec2-66994a1014eb" executionId="2606b9ac-e476-4e14-a5da-bda5afb0e8f0" testListId="8c84fa94-04c1-424b-9868-57a2d4851a1d" />
    <TestEntry testId="d0dea76a-a0e6-dd90-1e8c-3396ec036668" executionId="53171398-8030-4bcc-8592-ac4f088cc8b9" testListId="8c84fa94-04c1-424b-9868-57a2d4851a1d" />
    <TestEntry testId="ede2c065-9db6-add5-fca6-b79e952e065c" executionId="ce8707d0-0aee-45ec-8ae8-ba5501f32ea5" testListId="8c84fa94-04c1-424b-9868-57a2d4851a1d" />
    <TestEntry testId="411d7012-6b16-f581-b237-e7134b9eee46" executionId="626a5409-881a-4667-928c-d4770394019f" testListId="8c84fa94-04c1-424b-9868-57a2d4851a1d" />
    <TestEntry testId="c49253a4-20d2-1b10-0aa5-1688fe6665ef" executionId="66346c91-1fcb-40a5-bd1f-c8b6a7e4648c" testListId="8c84fa94-04c1-424b-9868-57a2d4851a1d" />
    <TestEntry testId="ff0bb062-30fd-b29e-8889-3092f471d9c1" executionId="5f2760ee-25bb-403b-9e4b-db934a043106" testListId="8c84fa94-04c1-424b-9868-57a2d4851a1d" />
    <TestEntry testId="e43fc7d2-8329-d777-0391-2f7ebddde98c" executionId="982b4096-57af-415a-adc1-6a18a88262ac" testListId="8c84fa94-04c1-424b-9868-57a2d4851a1d" />
    <TestEntry testId="40640a6e-02de-2b26-ae9b-5dc441796103" executionId="6313c1c2-4c06-43ad-9e05-d0f1d8e05762" testListId="8c84fa94-04c1-424b-9868-57a2d4851a1d" />
    <TestEntry testId="0f46c826-93e9-fddc-0d6b-472c2401e880" executionId="41b320ce-a019-40f1-b01a-7f1cc751bbe4" testListId="8c84fa94-04c1-424b-9868-57a2d4851a1d" />
    <TestEntry testId="d1da5587-3434-783d-69a1-a5f9be2eb491" executionId="d709e852-3012-4f2a-83f7-a6fbdda204a3" testListId="8c84fa94-04c1-424b-9868-57a2d4851a1d" />
    <TestEntry testId="a7be4be0-2034-8b0b-f24b-53eafffe0454" executionId="a8982438-4bad-4e96-bb58-7220bd4a227d" testListId="8c84fa94-04c1-424b-9868-57a2d4851a1d" />
    <TestEntry testId="170ded92-75a8-1dd4-93fa-796a33affb9c" executionId="7540156f-690c-4333-9b5b-f5909df0c063" testListId="8c84fa94-04c1-424b-9868-57a2d4851a1d" />
    <TestEntry testId="fdcf851c-5f50-8c4f-edd2-fbf4639e194d" executionId="779ec8f1-e432-4031-b123-8b62fc7298ae" testListId="8c84fa94-04c1-424b-9868-57a2d4851a1d" />
    <TestEntry testId="eacdab2e-136a-563b-f27a-2d426531ef35" executionId="06854122-b3e5-42b7-825b-5b3e92b2824b" testListId="8c84fa94-04c1-424b-9868-57a2d4851a1d" />
    <TestEntry testId="4d1ae668-e1f6-199b-28bb-49f0e6810ee8" executionId="ee60f22b-54f7-4d73-b1c5-6f64c5fcd6b5" testListId="8c84fa94-04c1-424b-9868-57a2d4851a1d" />
    <TestEntry testId="d87cef52-dd44-63bb-efaa-05de0a61d4d5" executionId="16d02aa7-e450-47e6-a774-166a522ad1f5" testListId="8c84fa94-04c1-424b-9868-57a2d4851a1d" />
    <TestEntry testId="1fbb6330-8720-b57e-301d-0bd568e1ddcc" executionId="120a5494-4580-40db-a3c4-9aff46df0436" testListId="8c84fa94-04c1-424b-9868-57a2d4851a1d" />
    <TestEntry testId="c77cee30-ddf8-116d-b08a-5339c3dcb8ed" executionId="4dbd98dc-9615-469e-910e-5839a06251c8" testListId="8c84fa94-04c1-424b-9868-57a2d4851a1d" />
    <TestEntry testId="d21247db-f4fe-57c0-0efa-de1398f9e118" executionId="35b393b8-bc69-460d-942e-efaea052ad88" testListId="8c84fa94-04c1-424b-9868-57a2d4851a1d" />
    <TestEntry testId="8de6f5d4-af7e-951f-7559-c699bfce90ac" executionId="995f372e-52c4-4286-bde6-4cbdc05caea7" testListId="8c84fa94-04c1-424b-9868-57a2d4851a1d" />
    <TestEntry testId="09fb417e-9bc9-cf7c-7c22-0bf5bd41341a" executionId="313e7093-530e-4a20-81c5-c90b5538f936" testListId="8c84fa94-04c1-424b-9868-57a2d4851a1d" />
    <TestEntry testId="2dbe68c7-c763-6ff4-e491-d79b7ab4e2d3" executionId="91c60c65-0018-4a6f-9967-5cc80d95b59e" testListId="8c84fa94-04c1-424b-9868-57a2d4851a1d" />
    <TestEntry testId="704f8648-141d-1706-5e19-a728e01c62ce" executionId="da9715b1-ef46-41d3-87f7-893538ac1bcc" testListId="8c84fa94-04c1-424b-9868-57a2d4851a1d" />
    <TestEntry testId="9f9cb622-b389-c02c-5076-896841ab7fe3" executionId="e499a910-daa4-4af6-ac17-296a85b8d651" testListId="8c84fa94-04c1-424b-9868-57a2d4851a1d" />
    <TestEntry testId="83cd0c62-8c7f-0305-7d3d-813b943b3a22" executionId="dd77ffba-e33c-40ab-b92d-5f9c4edf1618" testListId="8c84fa94-04c1-424b-9868-57a2d4851a1d" />
    <TestEntry testId="0bf64a52-791e-344d-45c0-dd201f82081d" executionId="3a68de51-e842-48a2-96cd-5e160cee0810" testListId="8c84fa94-04c1-424b-9868-57a2d4851a1d" />
    <TestEntry testId="1a30a7c3-c3c0-dec4-0219-bea2a7810c1e" executionId="53812820-afac-47ff-b9bf-f1dc757c96cb" testListId="8c84fa94-04c1-424b-9868-57a2d4851a1d" />
    <TestEntry testId="a2025bcc-9ce5-39ae-1fc9-515f31dc57a5" executionId="f3bd01bb-846d-4057-b440-693465351c71" testListId="8c84fa94-04c1-424b-9868-57a2d4851a1d" />
    <TestEntry testId="d584db97-7161-5c34-7630-44dd8ba0cbd9" executionId="9c812a67-24b1-448a-b596-3acd763d823f" testListId="8c84fa94-04c1-424b-9868-57a2d4851a1d" />
    <TestEntry testId="669d3a0e-5bee-5463-463a-10e4f05e31a7" executionId="329473fc-2c07-4bf3-bb87-c2d4deb95463" testListId="8c84fa94-04c1-424b-9868-57a2d4851a1d" />
    <TestEntry testId="e96430d2-3f0c-6824-3f4d-7e6d1daff87a" executionId="1be5ae7e-bfa8-4879-8f67-e17c2a018776" testListId="8c84fa94-04c1-424b-9868-57a2d4851a1d" />
    <TestEntry testId="7a6425dc-64e6-d038-11f1-44939ceff969" executionId="4de89138-c1a9-4aff-b0f7-8f4d05e8e84c" testListId="8c84fa94-04c1-424b-9868-57a2d4851a1d" />
    <TestEntry testId="e55b1c61-1eda-eb59-b93a-8f38cd1a42a1" executionId="3c17cc98-6612-4fb8-ab8b-cccd071ddcd3" testListId="8c84fa94-04c1-424b-9868-57a2d4851a1d" />
    <TestEntry testId="bf2d4879-d4fb-80ba-09e1-2268504ed342" executionId="1acd21c1-e9c7-4b9a-8f60-116b7a956235" testListId="8c84fa94-04c1-424b-9868-57a2d4851a1d" />
    <TestEntry testId="7f5598d3-8bdd-badd-93ac-cc19f26cf33e" executionId="cedfa0ff-f303-40c4-a818-3e0cc1fdfc66" testListId="8c84fa94-04c1-424b-9868-57a2d4851a1d" />
    <TestEntry testId="a2caf377-fe5f-eee2-fa0c-4c092632f10e" executionId="53e5be36-dfc0-41b1-aea8-22827893c2c8" testListId="8c84fa94-04c1-424b-9868-57a2d4851a1d" />
    <TestEntry testId="e2bda3e0-0d14-f82f-77f9-c2ad9122063b" executionId="9220d760-1b78-4373-b13b-96ec90a42d63" testListId="8c84fa94-04c1-424b-9868-57a2d4851a1d" />
    <TestEntry testId="a5eb3f94-74fa-470d-4443-903cb35c37f8" executionId="03cc9d40-48ba-48b3-9668-2ee34dadb65f" testListId="8c84fa94-04c1-424b-9868-57a2d4851a1d" />
    <TestEntry testId="5ef4a427-e90d-77ca-657f-1e3aa1ef36f8" executionId="dee37ec6-b75b-4703-9993-9f8742186e39" testListId="8c84fa94-04c1-424b-9868-57a2d4851a1d" />
    <TestEntry testId="ebb64f4c-a6f0-b45c-c811-e007e7fd8f62" executionId="0f7ec844-3208-4ccb-adf6-38cb510da8b7" testListId="8c84fa94-04c1-424b-9868-57a2d4851a1d" />
    <TestEntry testId="565dc707-4db9-1c8b-ffaa-41cd4cf5ff22" executionId="d610acee-16f2-44bc-b9ee-7549758b196c" testListId="8c84fa94-04c1-424b-9868-57a2d4851a1d" />
    <TestEntry testId="4f4cd04f-7cb1-a591-464e-9727de818b2f" executionId="1ad53321-4c6a-4244-b893-389ce77bdd93" testListId="8c84fa94-04c1-424b-9868-57a2d4851a1d" />
    <TestEntry testId="1e38f271-e374-956b-f524-8258f0571bd5" executionId="c6984f12-3ced-45ef-837d-8ab1993913e7" testListId="8c84fa94-04c1-424b-9868-57a2d4851a1d" />
    <TestEntry testId="cc43236a-0903-91f2-b3a0-13ffbe26ea6c" executionId="53539976-1c0a-4422-8407-eb16f44e9c99" testListId="8c84fa94-04c1-424b-9868-57a2d4851a1d" />
    <TestEntry testId="306a1fc8-eb99-798c-79fc-4db122f3a3c7" executionId="303a5832-86ca-4b62-9077-c38e3342e3cb" testListId="8c84fa94-04c1-424b-9868-57a2d4851a1d" />
    <TestEntry testId="c1e49dfd-9be3-114e-4efc-26e6ce8e2f4f" executionId="316c4fcb-ac2b-4d26-a795-b9ab1076466b" testListId="8c84fa94-04c1-424b-9868-57a2d4851a1d" />
    <TestEntry testId="35664530-17c6-a1cd-c819-0cec99b69db0" executionId="745993fd-727b-4a41-bba0-0c8f29515c4d" testListId="8c84fa94-04c1-424b-9868-57a2d4851a1d" />
    <TestEntry testId="0251a9fa-7671-7aea-dcdd-406252ef67cc" executionId="adf77fc7-f870-491d-89ff-aa4651c4c01b" testListId="8c84fa94-04c1-424b-9868-57a2d4851a1d" />
    <TestEntry testId="c3ee36e0-b5da-cf87-e7ac-fe275cd6fb4a" executionId="5d3298f0-e34d-4d73-91e0-867080240e7a" testListId="8c84fa94-04c1-424b-9868-57a2d4851a1d" />
    <TestEntry testId="05aff471-ab46-ea0c-73f1-e88d342e86e6" executionId="77cb992f-c905-458f-94ad-5acaad0d0bf4" testListId="8c84fa94-04c1-424b-9868-57a2d4851a1d" />
    <TestEntry testId="740a2744-d997-4e4c-8e0b-588213bb2dfc" executionId="dec18ce3-090b-4888-9986-9554dece39c2" testListId="8c84fa94-04c1-424b-9868-57a2d4851a1d" />
    <TestEntry testId="74941d63-9de8-5317-b8b7-8d78a478c838" executionId="86a02a01-83b0-4d86-9588-a8b79317719b" testListId="8c84fa94-04c1-424b-9868-57a2d4851a1d" />
    <TestEntry testId="bee0edc6-306f-d8f2-4c3b-b64ba47752a0" executionId="52c37927-2ca9-4723-b374-77b8415f3963" testListId="8c84fa94-04c1-424b-9868-57a2d4851a1d" />
    <TestEntry testId="c2923fe2-c1ce-8887-2980-0240f9698e63" executionId="fc5a9658-73c5-4627-a180-a266cac8fcd7" testListId="8c84fa94-04c1-424b-9868-57a2d4851a1d" />
    <TestEntry testId="aa17dada-e525-1e85-be34-2e82f87eb6cb" executionId="3ad02d35-1817-4aaa-9fb1-d032f0131913" testListId="8c84fa94-04c1-424b-9868-57a2d4851a1d" />
    <TestEntry testId="ce3a8b2f-c7b5-c495-e963-b878a303279c" executionId="40a3267d-fd77-40d0-80da-24e5bc27f6e7" testListId="8c84fa94-04c1-424b-9868-57a2d4851a1d" />
    <TestEntry testId="8005639e-2ffa-7fd3-4914-1fa1060b36bc" executionId="5aaa71e4-36b1-41e2-94cd-436ef206d791" testListId="8c84fa94-04c1-424b-9868-57a2d4851a1d" />
    <TestEntry testId="5833cfc3-ed16-88e8-535f-3502644ec2b1" executionId="e766b3fc-46ab-4950-a08e-bde0b25a75cf" testListId="8c84fa94-04c1-424b-9868-57a2d4851a1d" />
    <TestEntry testId="33f01b0f-10ed-098f-ab39-6f703c915c15" executionId="1c7c27b5-6b69-4413-8626-bd4bbae082f1" testListId="8c84fa94-04c1-424b-9868-57a2d4851a1d" />
    <TestEntry testId="ac6f887e-b57d-6942-5d0f-511e33804b21" executionId="2c654938-4b7d-431b-9f7a-c753fe19461f" testListId="8c84fa94-04c1-424b-9868-57a2d4851a1d" />
    <TestEntry testId="23116c21-f173-7f16-4c39-b10045dc4926" executionId="fc8d0c07-7e8d-4786-9928-3ef7c86c0227" testListId="8c84fa94-04c1-424b-9868-57a2d4851a1d" />
    <TestEntry testId="a7f2f91a-5304-8a00-89f4-d98280f5cc60" executionId="9b0e45ae-8dbd-44c3-9066-20fee676c4ab" testListId="8c84fa94-04c1-424b-9868-57a2d4851a1d" />
    <TestEntry testId="e30d8d91-7fad-6249-9ce4-b2cab63d1a38" executionId="9b5d00ef-51d0-4e74-abd9-ccebf87f413b" testListId="8c84fa94-04c1-424b-9868-57a2d4851a1d" />
    <TestEntry testId="e80b11dc-fb61-5b70-7796-de210448ce39" executionId="18cade77-dbca-4eb6-9341-c301a713c486" testListId="8c84fa94-04c1-424b-9868-57a2d4851a1d" />
    <TestEntry testId="86a99b27-9190-a62e-37a8-b3bb6d497c50" executionId="07a8941a-63c8-4391-938c-d4dd0dc8c972" testListId="8c84fa94-04c1-424b-9868-57a2d4851a1d" />
    <TestEntry testId="6f3fbd18-fbc3-a471-6397-1452dd3e2765" executionId="b3354adf-4cd6-4ced-a40f-423d74de0dc5" testListId="8c84fa94-04c1-424b-9868-57a2d4851a1d" />
    <TestEntry testId="c864256c-9308-060c-7755-735fc2c12ec3" executionId="ef9d77be-145d-4dc8-ab01-843d11b45579" testListId="8c84fa94-04c1-424b-9868-57a2d4851a1d" />
    <TestEntry testId="5dc9267b-495d-e261-448b-c683bf22db98" executionId="a4996337-0a61-409b-9c12-07d9d216f433" testListId="8c84fa94-04c1-424b-9868-57a2d4851a1d" />
    <TestEntry testId="0d90ac20-3f72-baf6-f606-1a3d77f689ee" executionId="b8e4caae-6f08-44ec-b0b9-520720f08b67" testListId="8c84fa94-04c1-424b-9868-57a2d4851a1d" />
    <TestEntry testId="e16c2751-0fee-eaf4-18e5-869d166b4f21" executionId="4cc4bac7-5813-43b0-b997-41623d2872dc" testListId="8c84fa94-04c1-424b-9868-57a2d4851a1d" />
    <TestEntry testId="54934b76-963a-98c7-e317-523472b951ef" executionId="d4da68bc-f172-4ca7-a018-134b65e872e8" testListId="8c84fa94-04c1-424b-9868-57a2d4851a1d" />
    <TestEntry testId="3637784d-e1d7-b769-21f4-de76ae12ffa7" executionId="33b9eef5-be8a-464f-8828-06f5ef4fb240" testListId="8c84fa94-04c1-424b-9868-57a2d4851a1d" />
    <TestEntry testId="07deed82-f15f-6a1f-e936-a522061279dd" executionId="625b9c84-9430-4524-b405-002123b38bec" testListId="8c84fa94-04c1-424b-9868-57a2d4851a1d" />
    <TestEntry testId="40308475-dc92-fe90-8309-4f585b1044a9" executionId="5446057f-01d2-46be-a69c-222fc169334b" testListId="8c84fa94-04c1-424b-9868-57a2d4851a1d" />
    <TestEntry testId="ef8dca03-0b9b-5ea1-d956-88d175627be2" executionId="7a616b94-e70c-4592-92c8-961605a99358" testListId="8c84fa94-04c1-424b-9868-57a2d4851a1d" />
    <TestEntry testId="40376276-d5d6-8a84-b027-6b244a55ae2b" executionId="6211906e-2826-4dd0-9cf9-e23776d51d44" testListId="8c84fa94-04c1-424b-9868-57a2d4851a1d" />
    <TestEntry testId="f12e755e-b479-c9e2-7556-4eee9dcc62ca" executionId="35bb9b8e-fc9d-4bc9-aca2-0a90308c830a" testListId="8c84fa94-04c1-424b-9868-57a2d4851a1d" />
    <TestEntry testId="7cc55d64-d0a9-0b25-670c-cc7853941f96" executionId="5b99ae9f-fc16-4863-affc-e9130c343841" testListId="8c84fa94-04c1-424b-9868-57a2d4851a1d" />
    <TestEntry testId="6afe8e80-a8ff-2600-025b-16d2d14d2a97" executionId="905720c1-71a7-4c51-8e26-a074d91b8ccd" testListId="8c84fa94-04c1-424b-9868-57a2d4851a1d" />
    <TestEntry testId="0a21762a-6cb8-06d4-e69c-7c48933915dd" executionId="7b1f21b6-6db0-4f18-9e4b-dd0c6dae4d9b" testListId="8c84fa94-04c1-424b-9868-57a2d4851a1d" />
    <TestEntry testId="c7abaa1f-c3a4-379a-bb5d-5d932eef2948" executionId="1927859c-5568-431e-85c5-58529164a8be" testListId="8c84fa94-04c1-424b-9868-57a2d4851a1d" />
    <TestEntry testId="e851dd56-d7d6-33f3-3cc7-dc0f90ad2a51" executionId="f8afab1b-7cd9-40e4-b0fe-82c8e7f77365" testListId="8c84fa94-04c1-424b-9868-57a2d4851a1d" />
    <TestEntry testId="1ded2c44-0584-e8cf-18ea-774853f7fe62" executionId="0ee73159-e4c1-4f53-8352-6cbdf3566ff0" testListId="8c84fa94-04c1-424b-9868-57a2d4851a1d" />
  </TestEntries>
  <TestLists>
    <TestList name="Results Not in a List" id="8c84fa94-04c1-424b-9868-57a2d4851a1d" />
    <TestList name="All Loaded Results" id="19431567-8539-422a-85d7-44ee4e166bda" />
  </TestLists>
  <ResultSummary outcome="Failed">
    <Counters total="174" executed="174" passed="157" failed="17" error="0" timeout="0" aborted="0" inconclusive="0" passedButRunAborted="0" notRunnable="0" notExecuted="0" disconnected="0" warning="0" completed="0" inProgress="0" pending="0" />
  </ResultSummary>
</TestRun>